29-02-2024 22:47:13.316 [35m[restartedMain][0;39m
				[34mINFO [0;39m c.e.b.SpringBootJwtSecurityApplication - 51 - Starting SpringBootJwtSecurityApplication using Java 17.0.8.1 with PID 52668 (/home/jaspal/practice/springboot/regulatory-service/CustCommerceJWTSecurity/target/classes started by jaspal in /home/jaspal/practice/springboot/regulatory-service/CustCommerceJWTSecurity)
29-02-2024 22:47:13.321 [35m[restartedMain][0;39m
				[34mINFO [0;39m c.e.b.SpringBootJwtSecurityApplication - 643 - The following 1 profile is active: "nondocker"
29-02-2024 22:47:13.378 [35m[restartedMain][0;39m
				[34mINFO [0;39m o.s.b.d.e.DevToolsPropertyDefaultsPostProcessor - 250 - Devtools property defaults active! Set 'spring.devtools.add-properties' to 'false' to disable
29-02-2024 22:47:13.379 [35m[restartedMain][0;39m
				[34mINFO [0;39m o.s.b.d.e.DevToolsPropertyDefaultsPostProcessor - 250 - For additional web related logging consider setting the 'logging.level.web' property to 'DEBUG'
29-02-2024 22:47:14.491 [35m[restartedMain][0;39m
				[34mINFO [0;39m o.s.d.r.c.RepositoryConfigurationDelegate - 138 - Bootstrapping Spring Data JPA repositories in DEFAULT mode.
29-02-2024 22:47:14.625 [35m[restartedMain][0;39m
				[34mINFO [0;39m o.s.d.r.c.RepositoryConfigurationDelegate - 208 - Finished Spring Data repository scanning in 126 ms. Found 1 JPA repository interfaces.
29-02-2024 22:47:14.871 [35m[restartedMain][0;39m
				[34mINFO [0;39m o.s.cloud.context.scope.GenericScope - 282 - BeanFactory id=464db86b-d7c4-35fe-93fc-56b1ddfd68cc
29-02-2024 22:47:15.474 [35m[restartedMain][0;39m
				[34mINFO [0;39m o.s.b.w.e.tomcat.TomcatWebServer - 108 - Tomcat initialized with port(s): 8082 (http)
29-02-2024 22:47:15.481 [35m[restartedMain][0;39m
				[34mINFO [0;39m o.a.coyote.http11.Http11NioProtocol - 173 - Initializing ProtocolHandler ["http-nio-8082"]
29-02-2024 22:47:15.483 [35m[restartedMain][0;39m
				[34mINFO [0;39m o.a.catalina.core.StandardService - 173 - Starting service [Tomcat]
29-02-2024 22:47:15.483 [35m[restartedMain][0;39m
				[34mINFO [0;39m o.a.catalina.core.StandardEngine - 173 - Starting Servlet engine: [Apache Tomcat/10.1.13]
29-02-2024 22:47:15.553 [35m[restartedMain][0;39m
				[34mINFO [0;39m o.a.c.c.C.[.[.[/authservice] - 173 - Initializing Spring embedded WebApplicationContext
29-02-2024 22:47:15.553 [35m[restartedMain][0;39m
				[34mINFO [0;39m o.s.b.w.s.c.ServletWebServerApplicationContext - 291 - Root WebApplicationContext: initialization completed in 2174 ms
29-02-2024 22:47:15.846 [35m[restartedMain][0;39m
				[34mINFO [0;39m o.h.jpa.internal.util.LogHelper - 31 - HHH000204: Processing PersistenceUnitInfo [name: default]
29-02-2024 22:47:15.911 [35m[restartedMain][0;39m
				[34mINFO [0;39m org.hibernate.Version - 44 - HHH000412: Hibernate ORM core version 6.2.9.Final
29-02-2024 22:47:15.913 [35m[restartedMain][0;39m
				[34mINFO [0;39m org.hibernate.cfg.Environment - 191 - HHH000406: Using bytecode reflection optimizer
29-02-2024 22:47:16.055 [35m[restartedMain][0;39m
				[34mINFO [0;39m o.h.b.i.BytecodeProviderInitiator - 53 - HHH000021: Bytecode provider name : bytebuddy
29-02-2024 22:47:16.199 [35m[restartedMain][0;39m
				[34mINFO [0;39m o.s.o.j.p.SpringPersistenceUnitInfo - 87 - No LoadTimeWeaver setup: ignoring JPA class transformer
29-02-2024 22:47:16.222 [35m[restartedMain][0;39m
				[34mINFO [0;39m com.zaxxer.hikari.HikariDataSource - 110 - HikariPool-1 - Starting...
29-02-2024 22:47:16.531 [35m[restartedMain][0;39m
				[34mINFO [0;39m com.zaxxer.hikari.pool.HikariPool - 565 - HikariPool-1 - Added connection com.mysql.cj.jdbc.ConnectionImpl@62900542
29-02-2024 22:47:16.533 [35m[restartedMain][0;39m
				[34mINFO [0;39m com.zaxxer.hikari.HikariDataSource - 123 - HikariPool-1 - Start completed.
29-02-2024 22:47:16.793 [35m[restartedMain][0;39m
				[34mINFO [0;39m o.h.b.i.BytecodeProviderInitiator - 53 - HHH000021: Bytecode provider name : bytebuddy
29-02-2024 22:47:17.345 [35m[restartedMain][0;39m
				[34mINFO [0;39m o.h.e.t.j.p.i.JtaPlatformInitiator - 51 - HHH000490: Using JtaPlatform implementation: [org.hibernate.engine.transaction.jta.platform.internal.NoJtaPlatform]
29-02-2024 22:47:17.388 [35m[restartedMain][0;39m
				[34mINFO [0;39m o.s.o.j.LocalContainerEntityManagerFactoryBean - 437 - Initialized JPA EntityManagerFactory for persistence unit 'default'
29-02-2024 22:47:17.915 [35m[restartedMain][0;39m
				[31mWARN [0;39m o.s.b.a.o.j.JpaBaseConfiguration$JpaWebConfiguration - 231 - spring.jpa.open-in-view is enabled by default. Therefore, database queries may be performed during view rendering. Explicitly configure spring.jpa.open-in-view to disable this warning
29-02-2024 22:47:18.711 [35m[restartedMain][0;39m
				[34mINFO [0;39m o.s.b.a.e.web.EndpointLinksResolver - 58 - Exposing 1 endpoint(s) beneath base path '/actuator'
29-02-2024 22:47:18.752 [35m[restartedMain][0;39m
				[34mINFO [0;39m o.s.s.web.DefaultSecurityFilterChain - 54 - Will secure any request with [org.springframework.security.web.session.DisableEncodeUrlFilter@6b04fe44, org.springframework.security.web.context.request.async.WebAsyncManagerIntegrationFilter@3a84ef0c, org.springframework.security.web.context.SecurityContextHolderFilter@7991f5fd, org.springframework.security.web.header.HeaderWriterFilter@20d291f2, org.springframework.web.filter.CorsFilter@546cbe3b, org.springframework.security.web.authentication.logout.LogoutFilter@356073a2, com.example.bootsecurity.config.JwtTokenFilter@be5a96c, org.springframework.security.web.savedrequest.RequestCacheAwareFilter@267f09c, org.springframework.security.web.servletapi.SecurityContextHolderAwareRequestFilter@de85557, org.springframework.security.web.authentication.AnonymousAuthenticationFilter@e5906f4, org.springframework.security.web.session.SessionManagementFilter@1501231f, org.springframework.security.web.access.ExceptionTranslationFilter@7b352473, org.springframework.security.web.access.intercept.AuthorizationFilter@27a6565]
29-02-2024 22:47:19.124 [35m[restartedMain][0;39m
				[31mWARN [0;39m o.s.b.d.a.OptionalLiveReloadServer - 62 - Unable to start LiveReload server
29-02-2024 22:47:19.144 [35m[restartedMain][0;39m
				[34mINFO [0;39m o.s.c.n.e.c.DiscoveryClientOptionalArgsConfiguration - 74 - Eureka HTTP Client uses RestTemplate.
29-02-2024 22:47:19.179 [35m[restartedMain][0;39m
				[31mWARN [0;39m o.s.c.l.c.LoadBalancerCacheAutoConfiguration$LoadBalancerCaffeineWarnLogger - 94 - Spring Cloud LoadBalancer is currently working with the default cache. While this cache implementation is useful for development and tests, it's recommended to use Caffeine cache in production.You can switch to using Caffeine cache, by adding it and org.springframework.cache.caffeine.CaffeineCacheManager to the classpath.
29-02-2024 22:47:19.265 [35m[restartedMain][0;39m
				[34mINFO [0;39m o.s.c.n.eureka.InstanceInfoFactory - 67 - Setting initial instance status as: STARTING
29-02-2024 22:47:19.294 [35m[restartedMain][0;39m
				[34mINFO [0;39m c.netflix.discovery.DiscoveryClient - 327 - Initializing Eureka in region us-east-1
29-02-2024 22:47:19.298 [35m[restartedMain][0;39m
				[34mINFO [0;39m c.n.d.s.r.aws.ConfigClusterResolver - 43 - Resolving eureka endpoints via configuration
29-02-2024 22:47:19.316 [35m[restartedMain][0;39m
				[34mINFO [0;39m c.netflix.discovery.DiscoveryClient - 951 - Disable delta property : false
29-02-2024 22:47:19.317 [35m[restartedMain][0;39m
				[34mINFO [0;39m c.netflix.discovery.DiscoveryClient - 952 - Single vip registry refresh property : null
29-02-2024 22:47:19.317 [35m[restartedMain][0;39m
				[34mINFO [0;39m c.netflix.discovery.DiscoveryClient - 953 - Force full registry fetch : false
29-02-2024 22:47:19.317 [35m[restartedMain][0;39m
				[34mINFO [0;39m c.netflix.discovery.DiscoveryClient - 954 - Application is null : false
29-02-2024 22:47:19.318 [35m[restartedMain][0;39m
				[34mINFO [0;39m c.netflix.discovery.DiscoveryClient - 955 - Registered Applications size is zero : true
29-02-2024 22:47:19.318 [35m[restartedMain][0;39m
				[34mINFO [0;39m c.netflix.discovery.DiscoveryClient - 957 - Application version is -1: true
29-02-2024 22:47:19.318 [35m[restartedMain][0;39m
				[34mINFO [0;39m c.netflix.discovery.DiscoveryClient - 1041 - Getting all instance registry info from the eureka server
29-02-2024 22:47:19.611 [35m[restartedMain][0;39m
				[34mINFO [0;39m c.netflix.discovery.DiscoveryClient - 1050 - The response status is 200
29-02-2024 22:47:19.614 [35m[restartedMain][0;39m
				[34mINFO [0;39m c.netflix.discovery.DiscoveryClient - 1265 - Starting heartbeat executor: renew interval is: 30
29-02-2024 22:47:19.616 [35m[restartedMain][0;39m
				[34mINFO [0;39m c.n.discovery.InstanceInfoReplicator - 60 - InstanceInfoReplicator onDemand update allowed rate per min is 4
29-02-2024 22:47:19.620 [35m[restartedMain][0;39m
				[34mINFO [0;39m c.netflix.discovery.DiscoveryClient - 447 - Discovery Client initialized at timestamp 1709268439619 with initial instances count: 1
29-02-2024 22:47:19.624 [35m[restartedMain][0;39m
				[34mINFO [0;39m o.s.c.n.e.s.EurekaServiceRegistry - 41 - Registering application CUSTOMJWTSECURITY with eureka with status UP
29-02-2024 22:47:19.625 [35m[restartedMain][0;39m
				[34mINFO [0;39m c.netflix.discovery.DiscoveryClient - 1296 - Saw local status change event StatusChangeEvent [timestamp=1709268439625, current=UP, previous=STARTING]
29-02-2024 22:47:19.626 [35m[DiscoveryClient-InstanceInfoReplicator-0][0;39m
				[34mINFO [0;39m c.netflix.discovery.DiscoveryClient - 817 - DiscoveryClient_CUSTOMJWTSECURITY/jaspal-ThinkPad-P50.attlocal.net:CustomJwtSecurity:8082: registering service...
29-02-2024 22:47:19.628 [35m[restartedMain][0;39m
				[34mINFO [0;39m o.a.coyote.http11.Http11NioProtocol - 173 - Starting ProtocolHandler ["http-nio-8082"]
29-02-2024 22:47:19.646 [35m[restartedMain][0;39m
				[34mINFO [0;39m o.s.b.w.e.tomcat.TomcatWebServer - 220 - Tomcat started on port(s): 8082 (http) with context path '/authservice'
29-02-2024 22:47:19.647 [35m[restartedMain][0;39m
				[34mINFO [0;39m o.s.c.n.e.s.EurekaAutoServiceRegistration - 144 - Updating port to 8082
29-02-2024 22:47:19.668 [35m[DiscoveryClient-InstanceInfoReplicator-0][0;39m
				[34mINFO [0;39m c.netflix.discovery.DiscoveryClient - 826 - DiscoveryClient_CUSTOMJWTSECURITY/jaspal-ThinkPad-P50.attlocal.net:CustomJwtSecurity:8082 - registration status: 204
29-02-2024 22:47:19.676 [35m[restartedMain][0;39m
				[34mINFO [0;39m c.e.b.SpringBootJwtSecurityApplication - 57 - Started SpringBootJwtSecurityApplication in 6.716 seconds (process running for 7.632)
29-02-2024 22:47:20.866 [35m[RMI TCP Connection(3)-127.0.0.1][0;39m
				[34mINFO [0;39m o.a.c.c.C.[.[.[/authservice] - 173 - Initializing Spring DispatcherServlet 'dispatcherServlet'
29-02-2024 22:47:20.866 [35m[RMI TCP Connection(3)-127.0.0.1][0;39m
				[34mINFO [0;39m o.s.web.servlet.DispatcherServlet - 532 - Initializing Servlet 'dispatcherServlet'
29-02-2024 22:47:20.869 [35m[RMI TCP Connection(3)-127.0.0.1][0;39m
				[34mINFO [0;39m o.s.web.servlet.DispatcherServlet - 554 - Completed initialization in 2 ms
29-02-2024 22:52:04.034 [35m[RMI TCP Connection(10)-127.0.0.1][0;39m
				[34mINFO [0;39m o.s.b.a.SpringApplicationAdminMXBeanRegistrar$SpringApplicationAdmin - 159 - Application shutdown requested.
29-02-2024 22:52:04.037 [35m[RMI TCP Connection(10)-127.0.0.1][0;39m
				[34mINFO [0;39m o.s.c.n.e.s.EurekaServiceRegistry - 62 - Unregistering application CUSTOMJWTSECURITY with eureka with status DOWN
29-02-2024 22:52:04.038 [35m[RMI TCP Connection(10)-127.0.0.1][0;39m
				[34mINFO [0;39m c.netflix.discovery.DiscoveryClient - 1296 - Saw local status change event StatusChangeEvent [timestamp=1709268724038, current=DOWN, previous=UP]
29-02-2024 22:52:04.039 [35m[DiscoveryClient-InstanceInfoReplicator-0][0;39m
				[34mINFO [0;39m c.netflix.discovery.DiscoveryClient - 817 - DiscoveryClient_CUSTOMJWTSECURITY/jaspal-ThinkPad-P50.attlocal.net:CustomJwtSecurity:8082: registering service...
29-02-2024 22:52:04.051 [35m[DiscoveryClient-InstanceInfoReplicator-0][0;39m
				[34mINFO [0;39m c.netflix.discovery.DiscoveryClient - 826 - DiscoveryClient_CUSTOMJWTSECURITY/jaspal-ThinkPad-P50.attlocal.net:CustomJwtSecurity:8082 - registration status: 204
29-02-2024 22:52:04.052 [35m[RMI TCP Connection(10)-127.0.0.1][0;39m
				[34mINFO [0;39m o.a.coyote.http11.Http11NioProtocol - 173 - Pausing ProtocolHandler ["http-nio-8082"]
29-02-2024 22:52:04.053 [35m[RMI TCP Connection(10)-127.0.0.1][0;39m
				[34mINFO [0;39m o.a.catalina.core.StandardService - 173 - Stopping service [Tomcat]
29-02-2024 22:52:04.054 [35m[RMI TCP Connection(10)-127.0.0.1][0;39m
				[34mINFO [0;39m o.a.c.c.C.[.[.[/authservice] - 173 - Destroying Spring FrameworkServlet 'dispatcherServlet'
29-02-2024 22:52:04.057 [35m[RMI TCP Connection(10)-127.0.0.1][0;39m
				[31mWARN [0;39m o.a.c.loader.WebappClassLoaderBase - 173 - The web application [authservice] appears to have started a thread named [HikariPool-1 housekeeper] but has failed to stop it. This is very likely to create a memory leak. Stack trace of thread:
 java.base@17.0.8.1/jdk.internal.misc.Unsafe.park(Native Method)
 java.base@17.0.8.1/java.util.concurrent.locks.LockSupport.parkNanos(LockSupport.java:252)
 java.base@17.0.8.1/java.util.concurrent.locks.AbstractQueuedSynchronizer$ConditionObject.awaitNanos(AbstractQueuedSynchronizer.java:1672)
 java.base@17.0.8.1/java.util.concurrent.ScheduledThreadPoolExecutor$DelayedWorkQueue.take(ScheduledThreadPoolExecutor.java:1182)
 java.base@17.0.8.1/java.util.concurrent.ScheduledThreadPoolExecutor$DelayedWorkQueue.take(ScheduledThreadPoolExecutor.java:899)
 java.base@17.0.8.1/java.util.concurrent.ThreadPoolExecutor.getTask(ThreadPoolExecutor.java:1062)
 java.base@17.0.8.1/java.util.concurrent.ThreadPoolExecutor.runWorker(ThreadPoolExecutor.java:1122)
 java.base@17.0.8.1/java.util.concurrent.ThreadPoolExecutor$Worker.run(ThreadPoolExecutor.java:635)
 java.base@17.0.8.1/java.lang.Thread.run(Thread.java:833)
29-02-2024 22:52:04.059 [35m[RMI TCP Connection(10)-127.0.0.1][0;39m
				[34mINFO [0;39m o.a.coyote.http11.Http11NioProtocol - 173 - Stopping ProtocolHandler ["http-nio-8082"]
29-02-2024 22:52:04.070 [35m[RMI TCP Connection(10)-127.0.0.1][0;39m
				[34mINFO [0;39m o.s.o.j.LocalContainerEntityManagerFactoryBean - 650 - Closing JPA EntityManagerFactory for persistence unit 'default'
29-02-2024 22:52:04.073 [35m[RMI TCP Connection(10)-127.0.0.1][0;39m
				[34mINFO [0;39m com.zaxxer.hikari.HikariDataSource - 350 - HikariPool-1 - Shutdown initiated...
29-02-2024 22:52:04.080 [35m[RMI TCP Connection(10)-127.0.0.1][0;39m
				[34mINFO [0;39m com.zaxxer.hikari.HikariDataSource - 352 - HikariPool-1 - Shutdown completed.
29-02-2024 22:52:04.080 [35m[RMI TCP Connection(10)-127.0.0.1][0;39m
				[34mINFO [0;39m c.netflix.discovery.DiscoveryClient - 879 - Shutting down DiscoveryClient ...
29-02-2024 22:52:07.084 [35m[RMI TCP Connection(10)-127.0.0.1][0;39m
				[34mINFO [0;39m c.netflix.discovery.DiscoveryClient - 915 - Unregistering ...
29-02-2024 22:52:07.099 [35m[RMI TCP Connection(10)-127.0.0.1][0;39m
				[34mINFO [0;39m c.netflix.discovery.DiscoveryClient - 917 - DiscoveryClient_CUSTOMJWTSECURITY/jaspal-ThinkPad-P50.attlocal.net:CustomJwtSecurity:8082 - deregister  status: 200
29-02-2024 22:52:07.116 [35m[RMI TCP Connection(10)-127.0.0.1][0;39m
				[34mINFO [0;39m c.netflix.discovery.DiscoveryClient - 904 - Completed shut down of DiscoveryClient
29-02-2024 23:17:47.521 [35m[main][0;39m
				[34mINFO [0;39m o.s.t.c.s.AnnotationConfigContextLoaderUtils - 83 - Could not detect default configuration classes for test class [com.example.bootsecurity.SpringBootJwtSecurityApplicationTests]: SpringBootJwtSecurityApplicationTests does not declare any static, non-private, non-final, nested classes annotated with @Configuration.
29-02-2024 23:17:47.634 [35m[main][0;39m
				[34mINFO [0;39m o.s.b.t.c.SpringBootTestContextBootstrapper - 248 - Found @SpringBootConfiguration com.example.bootsecurity.SpringBootJwtSecurityApplication for test class com.example.bootsecurity.SpringBootJwtSecurityApplicationTests
29-02-2024 23:17:48.100 [35m[main][0;39m
				[34mINFO [0;39m c.e.b.SpringBootJwtSecurityApplicationTests - 51 - Starting SpringBootJwtSecurityApplicationTests using Java 17.0.10 with PID 56480 (started by jaspal in /home/jaspal/practice/springboot/regulatory-service/CustCommerceJWTSecurity)
29-02-2024 23:17:48.102 [35m[main][0;39m
				[34mINFO [0;39m c.e.b.SpringBootJwtSecurityApplicationTests - 637 - No active profile set, falling back to 1 default profile: "default"
29-02-2024 23:17:49.368 [35m[main][0;39m
				[34mINFO [0;39m o.s.d.r.c.RepositoryConfigurationDelegate - 138 - Bootstrapping Spring Data JPA repositories in DEFAULT mode.
29-02-2024 23:17:49.518 [35m[main][0;39m
				[34mINFO [0;39m o.s.d.r.c.RepositoryConfigurationDelegate - 208 - Finished Spring Data repository scanning in 141 ms. Found 1 JPA repository interfaces.
29-02-2024 23:17:49.873 [35m[main][0;39m
				[34mINFO [0;39m o.s.cloud.context.scope.GenericScope - 282 - BeanFactory id=a5b8c0e7-7ead-3024-a0b3-13c103c1a8be
29-02-2024 23:17:50.293 [35m[main][0;39m
				[34mINFO [0;39m o.h.jpa.internal.util.LogHelper - 31 - HHH000204: Processing PersistenceUnitInfo [name: default]
29-02-2024 23:17:50.346 [35m[main][0;39m
				[34mINFO [0;39m org.hibernate.Version - 44 - HHH000412: Hibernate ORM core version 6.2.9.Final
29-02-2024 23:17:50.349 [35m[main][0;39m
				[34mINFO [0;39m org.hibernate.cfg.Environment - 191 - HHH000406: Using bytecode reflection optimizer
29-02-2024 23:17:50.517 [35m[main][0;39m
				[34mINFO [0;39m o.h.b.i.BytecodeProviderInitiator - 53 - HHH000021: Bytecode provider name : bytebuddy
29-02-2024 23:17:50.640 [35m[main][0;39m
				[34mINFO [0;39m o.s.o.j.p.SpringPersistenceUnitInfo - 87 - No LoadTimeWeaver setup: ignoring JPA class transformer
29-02-2024 23:17:50.664 [35m[main][0;39m
				[34mINFO [0;39m com.zaxxer.hikari.HikariDataSource - 110 - HikariPool-1 - Starting...
29-02-2024 23:17:51.019 [35m[main][0;39m
				[34mINFO [0;39m com.zaxxer.hikari.pool.HikariPool - 565 - HikariPool-1 - Added connection com.mysql.cj.jdbc.ConnectionImpl@18b45500
29-02-2024 23:17:51.022 [35m[main][0;39m
				[34mINFO [0;39m com.zaxxer.hikari.HikariDataSource - 123 - HikariPool-1 - Start completed.
29-02-2024 23:17:51.281 [35m[main][0;39m
				[34mINFO [0;39m o.h.b.i.BytecodeProviderInitiator - 53 - HHH000021: Bytecode provider name : bytebuddy
29-02-2024 23:17:51.830 [35m[main][0;39m
				[34mINFO [0;39m o.h.e.t.j.p.i.JtaPlatformInitiator - 51 - HHH000490: Using JtaPlatform implementation: [org.hibernate.engine.transaction.jta.platform.internal.NoJtaPlatform]
29-02-2024 23:17:51.883 [35m[main][0;39m
				[34mINFO [0;39m o.s.o.j.LocalContainerEntityManagerFactoryBean - 437 - Initialized JPA EntityManagerFactory for persistence unit 'default'
29-02-2024 23:17:52.499 [35m[main][0;39m
				[31mWARN [0;39m o.s.b.a.o.j.JpaBaseConfiguration$JpaWebConfiguration - 231 - spring.jpa.open-in-view is enabled by default. Therefore, database queries may be performed during view rendering. Explicitly configure spring.jpa.open-in-view to disable this warning
29-02-2024 23:17:52.658 [35m[main][0;39m
				[34mINFO [0;39m o.s.s.web.DefaultSecurityFilterChain - 54 - Will secure any request with [org.springframework.security.web.session.DisableEncodeUrlFilter@7a087132, org.springframework.security.web.context.request.async.WebAsyncManagerIntegrationFilter@5d8c03cc, org.springframework.security.web.context.SecurityContextHolderFilter@2b8a11d7, org.springframework.security.web.header.HeaderWriterFilter@4e301795, org.springframework.web.filter.CorsFilter@4a4979bf, org.springframework.security.web.authentication.logout.LogoutFilter@2db07651, com.example.bootsecurity.config.JwtTokenFilter@22cca101, org.springframework.security.web.savedrequest.RequestCacheAwareFilter@416bff93, org.springframework.security.web.servletapi.SecurityContextHolderAwareRequestFilter@26401eda, org.springframework.security.web.authentication.AnonymousAuthenticationFilter@539570b8, org.springframework.security.web.session.SessionManagementFilter@617d697, org.springframework.security.web.access.ExceptionTranslationFilter@1f4083ac, org.springframework.security.web.access.intercept.AuthorizationFilter@59456e1]
29-02-2024 23:17:54.450 [35m[main][0;39m
				[34mINFO [0;39m o.s.c.n.e.c.DiscoveryClientOptionalArgsConfiguration - 74 - Eureka HTTP Client uses RestTemplate.
29-02-2024 23:17:54.507 [35m[main][0;39m
				[31mWARN [0;39m o.s.c.l.c.LoadBalancerCacheAutoConfiguration$LoadBalancerCaffeineWarnLogger - 94 - Spring Cloud LoadBalancer is currently working with the default cache. While this cache implementation is useful for development and tests, it's recommended to use Caffeine cache in production.You can switch to using Caffeine cache, by adding it and org.springframework.cache.caffeine.CaffeineCacheManager to the classpath.
29-02-2024 23:17:54.517 [35m[main][0;39m
				[34mINFO [0;39m o.s.b.a.e.web.EndpointLinksResolver - 58 - Exposing 1 endpoint(s) beneath base path '/actuator'
29-02-2024 23:17:54.593 [35m[main][0;39m
				[34mINFO [0;39m o.s.c.n.eureka.InstanceInfoFactory - 67 - Setting initial instance status as: STARTING
29-02-2024 23:17:54.673 [35m[main][0;39m
				[34mINFO [0;39m c.netflix.discovery.DiscoveryClient - 327 - Initializing Eureka in region us-east-1
29-02-2024 23:17:54.677 [35m[main][0;39m
				[34mINFO [0;39m c.n.d.s.r.aws.ConfigClusterResolver - 43 - Resolving eureka endpoints via configuration
29-02-2024 23:17:54.697 [35m[main][0;39m
				[34mINFO [0;39m c.netflix.discovery.DiscoveryClient - 951 - Disable delta property : false
29-02-2024 23:17:54.698 [35m[main][0;39m
				[34mINFO [0;39m c.netflix.discovery.DiscoveryClient - 952 - Single vip registry refresh property : null
29-02-2024 23:17:54.698 [35m[main][0;39m
				[34mINFO [0;39m c.netflix.discovery.DiscoveryClient - 953 - Force full registry fetch : false
29-02-2024 23:17:54.698 [35m[main][0;39m
				[34mINFO [0;39m c.netflix.discovery.DiscoveryClient - 954 - Application is null : false
29-02-2024 23:17:54.699 [35m[main][0;39m
				[34mINFO [0;39m c.netflix.discovery.DiscoveryClient - 955 - Registered Applications size is zero : true
29-02-2024 23:17:54.699 [35m[main][0;39m
				[34mINFO [0;39m c.netflix.discovery.DiscoveryClient - 957 - Application version is -1: true
29-02-2024 23:17:54.699 [35m[main][0;39m
				[34mINFO [0;39m c.netflix.discovery.DiscoveryClient - 1041 - Getting all instance registry info from the eureka server
29-02-2024 23:17:54.990 [35m[main][0;39m
				[34mINFO [0;39m c.n.d.s.t.d.RedirectingEurekaHttpClient - 84 - Request execution error. endpoint=DefaultEndpoint{ serviceUrl='http://registration:8761/eureka/}, exception=I/O error on GET request for "http://registration:8761/eureka/apps/": registration: Name or service not known stacktrace=org.springframework.web.client.ResourceAccessException: I/O error on GET request for "http://registration:8761/eureka/apps/": registration: Name or service not known
	at org.springframework.web.client.RestTemplate.createResourceAccessException(RestTemplate.java:888)
	at org.springframework.web.client.RestTemplate.doExecute(RestTemplate.java:868)
	at org.springframework.web.client.RestTemplate.execute(RestTemplate.java:764)
	at org.springframework.web.client.RestTemplate.exchange(RestTemplate.java:646)
	at org.springframework.cloud.netflix.eureka.http.RestTemplateEurekaHttpClient.getApplicationsInternal(RestTemplateEurekaHttpClient.java:149)
	at org.springframework.cloud.netflix.eureka.http.RestTemplateEurekaHttpClient.getApplications(RestTemplateEurekaHttpClient.java:139)
	at com.netflix.discovery.shared.transport.decorator.EurekaHttpClientDecorator$6.execute(EurekaHttpClientDecorator.java:137)
	at com.netflix.discovery.shared.transport.decorator.RedirectingEurekaHttpClient.executeOnNewServer(RedirectingEurekaHttpClient.java:121)
	at com.netflix.discovery.shared.transport.decorator.RedirectingEurekaHttpClient.execute(RedirectingEurekaHttpClient.java:80)
	at com.netflix.discovery.shared.transport.decorator.EurekaHttpClientDecorator.getApplications(EurekaHttpClientDecorator.java:134)
	at com.netflix.discovery.shared.transport.decorator.EurekaHttpClientDecorator$6.execute(EurekaHttpClientDecorator.java:137)
	at com.netflix.discovery.shared.transport.decorator.RetryableEurekaHttpClient.execute(RetryableEurekaHttpClient.java:120)
	at com.netflix.discovery.shared.transport.decorator.EurekaHttpClientDecorator.getApplications(EurekaHttpClientDecorator.java:134)
	at com.netflix.discovery.shared.transport.decorator.EurekaHttpClientDecorator$6.execute(EurekaHttpClientDecorator.java:137)
	at com.netflix.discovery.shared.transport.decorator.SessionedEurekaHttpClient.execute(SessionedEurekaHttpClient.java:77)
	at com.netflix.discovery.shared.transport.decorator.EurekaHttpClientDecorator.getApplications(EurekaHttpClientDecorator.java:134)
	at com.netflix.discovery.DiscoveryClient.getAndStoreFullRegistry(DiscoveryClient.java:1045)
	at com.netflix.discovery.DiscoveryClient.fetchRegistry(DiscoveryClient.java:958)
	at com.netflix.discovery.DiscoveryClient.<init>(DiscoveryClient.java:396)
	at com.netflix.discovery.DiscoveryClient.<init>(DiscoveryClient.java:247)
	at com.netflix.discovery.DiscoveryClient.<init>(DiscoveryClient.java:242)
	at org.springframework.cloud.netflix.eureka.CloudEurekaClient.<init>(CloudEurekaClient.java:68)
	at org.springframework.cloud.netflix.eureka.EurekaClientAutoConfiguration$RefreshableEurekaClientConfiguration.eurekaClient(EurekaClientAutoConfiguration.java:320)
	at java.base/jdk.internal.reflect.NativeMethodAccessorImpl.invoke0(Native Method)
	at java.base/jdk.internal.reflect.NativeMethodAccessorImpl.invoke(NativeMethodAccessorImpl.java:77)
	at java.base/jdk.internal.reflect.DelegatingMethodAccessorImpl.invoke(DelegatingMethodAccessorImpl.java:43)
	at java.base/java.lang.reflect.Method.invoke(Method.java:568)
	at org.springframework.beans.factory.support.SimpleInstantiationStrategy.instantiate(SimpleInstantiationStrategy.java:139)
	at org.springframework.beans.factory.support.ConstructorResolver.instantiate(ConstructorResolver.java:650)
	at org.springframework.beans.factory.support.ConstructorResolver.instantiateUsingFactoryMethod(ConstructorResolver.java:642)
	at org.springframework.beans.factory.support.AbstractAutowireCapableBeanFactory.instantiateUsingFactoryMethod(AbstractAutowireCapableBeanFactory.java:1332)
	at org.springframework.beans.factory.support.AbstractAutowireCapableBeanFactory.createBeanInstance(AbstractAutowireCapableBeanFactory.java:1162)
	at org.springframework.beans.factory.support.AbstractAutowireCapableBeanFactory.doCreateBean(AbstractAutowireCapableBeanFactory.java:560)
	at org.springframework.beans.factory.support.AbstractAutowireCapableBeanFactory.createBean(AbstractAutowireCapableBeanFactory.java:520)
	at org.springframework.beans.factory.support.AbstractBeanFactory.lambda$doGetBean$1(AbstractBeanFactory.java:364)
	at org.springframework.cloud.context.scope.GenericScope$BeanLifecycleWrapper.getBean(GenericScope.java:375)
	at org.springframework.cloud.context.scope.GenericScope.get(GenericScope.java:179)
	at org.springframework.beans.factory.support.AbstractBeanFactory.doGetBean(AbstractBeanFactory.java:361)
	at org.springframework.beans.factory.support.AbstractBeanFactory.getBean(AbstractBeanFactory.java:199)
	at org.springframework.aop.target.SimpleBeanTargetSource.getTarget(SimpleBeanTargetSource.java:35)
	at org.springframework.cloud.netflix.eureka.serviceregistry.EurekaRegistration.getTargetObject(EurekaRegistration.java:128)
	at org.springframework.cloud.netflix.eureka.serviceregistry.EurekaRegistration.getEurekaClient(EurekaRegistration.java:116)
	at java.base/jdk.internal.reflect.NativeMethodAccessorImpl.invoke0(Native Method)
	at java.base/jdk.internal.reflect.NativeMethodAccessorImpl.invoke(NativeMethodAccessorImpl.java:77)
	at java.base/jdk.internal.reflect.DelegatingMethodAccessorImpl.invoke(DelegatingMethodAccessorImpl.java:43)
	at java.base/java.lang.reflect.Method.invoke(Method.java:568)
	at org.springframework.util.ReflectionUtils.invokeMethod(ReflectionUtils.java:281)
	at org.springframework.cloud.context.scope.GenericScope$LockedScopedProxyFactoryBean.invoke(GenericScope.java:482)
	at org.springframework.aop.framework.ReflectiveMethodInvocation.proceed(ReflectiveMethodInvocation.java:184)
	at org.springframework.aop.framework.CglibAopProxy$CglibMethodInvocation.proceed(CglibAopProxy.java:751)
	at org.springframework.aop.framework.CglibAopProxy$DynamicAdvisedInterceptor.intercept(CglibAopProxy.java:703)
	at org.springframework.cloud.netflix.eureka.serviceregistry.EurekaRegistration$$SpringCGLIB$$0.getEurekaClient(<generated>)
	at org.springframework.cloud.netflix.eureka.serviceregistry.EurekaServiceRegistry.maybeInitializeClient(EurekaServiceRegistry.java:54)
	at org.springframework.cloud.netflix.eureka.serviceregistry.EurekaServiceRegistry.register(EurekaServiceRegistry.java:38)
	at org.springframework.cloud.netflix.eureka.serviceregistry.EurekaAutoServiceRegistration.start(EurekaAutoServiceRegistration.java:83)
	at org.springframework.context.support.DefaultLifecycleProcessor.doStart(DefaultLifecycleProcessor.java:179)
	at org.springframework.context.support.DefaultLifecycleProcessor$LifecycleGroup.start(DefaultLifecycleProcessor.java:357)
	at java.base/java.lang.Iterable.forEach(Iterable.java:75)
	at org.springframework.context.support.DefaultLifecycleProcessor.startBeans(DefaultLifecycleProcessor.java:156)
	at org.springframework.context.support.DefaultLifecycleProcessor.onRefresh(DefaultLifecycleProcessor.java:124)
	at org.springframework.context.support.AbstractApplicationContext.finishRefresh(AbstractApplicationContext.java:958)
	at org.springframework.context.support.AbstractApplicationContext.refresh(AbstractApplicationContext.java:611)
	at org.springframework.boot.SpringApplication.refresh(SpringApplication.java:737)
	at org.springframework.boot.SpringApplication.refreshContext(SpringApplication.java:439)
	at org.springframework.boot.SpringApplication.run(SpringApplication.java:315)
	at org.springframework.boot.test.context.SpringBootContextLoader.lambda$loadContext$3(SpringBootContextLoader.java:137)
	at org.springframework.util.function.ThrowingSupplier.get(ThrowingSupplier.java:58)
	at org.springframework.util.function.ThrowingSupplier.get(ThrowingSupplier.java:46)
	at org.springframework.boot.SpringApplication.withHook(SpringApplication.java:1409)
	at org.springframework.boot.test.context.SpringBootContextLoader$ContextLoaderHook.run(SpringBootContextLoader.java:545)
	at org.springframework.boot.test.context.SpringBootContextLoader.loadContext(SpringBootContextLoader.java:137)
	at org.springframework.boot.test.context.SpringBootContextLoader.loadContext(SpringBootContextLoader.java:108)
	at org.springframework.test.context.cache.DefaultCacheAwareContextLoaderDelegate.loadContextInternal(DefaultCacheAwareContextLoaderDelegate.java:187)
	at org.springframework.test.context.cache.DefaultCacheAwareContextLoaderDelegate.loadContext(DefaultCacheAwareContextLoaderDelegate.java:119)
	at org.springframework.test.context.support.DefaultTestContext.getApplicationContext(DefaultTestContext.java:127)
	at org.springframework.test.context.web.ServletTestExecutionListener.setUpRequestContextIfNecessary(ServletTestExecutionListener.java:191)
	at org.springframework.test.context.web.ServletTestExecutionListener.prepareTestInstance(ServletTestExecutionListener.java:130)
	at org.springframework.test.context.TestContextManager.prepareTestInstance(TestContextManager.java:241)
	at org.springframework.test.context.junit.jupiter.SpringExtension.postProcessTestInstance(SpringExtension.java:138)
	at org.junit.jupiter.engine.descriptor.ClassBasedTestDescriptor.lambda$invokeTestInstancePostProcessors$10(ClassBasedTestDescriptor.java:377)
	at org.junit.jupiter.engine.descriptor.ClassBasedTestDescriptor.executeAndMaskThrowable(ClassBasedTestDescriptor.java:382)
	at org.junit.jupiter.engine.descriptor.ClassBasedTestDescriptor.lambda$invokeTestInstancePostProcessors$11(ClassBasedTestDescriptor.java:377)
	at java.base/java.util.stream.ReferencePipeline$3$1.accept(ReferencePipeline.java:197)
	at java.base/java.util.stream.ReferencePipeline$2$1.accept(ReferencePipeline.java:179)
	at java.base/java.util.ArrayList$ArrayListSpliterator.forEachRemaining(ArrayList.java:1625)
	at java.base/java.util.stream.AbstractPipeline.copyInto(AbstractPipeline.java:509)
	at java.base/java.util.stream.AbstractPipeline.wrapAndCopyInto(AbstractPipeline.java:499)
	at java.base/java.util.stream.StreamSpliterators$WrappingSpliterator.forEachRemaining(StreamSpliterators.java:310)
	at java.base/java.util.stream.Streams$ConcatSpliterator.forEachRemaining(Streams.java:735)
	at java.base/java.util.stream.Streams$ConcatSpliterator.forEachRemaining(Streams.java:734)
	at java.base/java.util.stream.ReferencePipeline$Head.forEach(ReferencePipeline.java:762)
	at org.junit.jupiter.engine.descriptor.ClassBasedTestDescriptor.invokeTestInstancePostProcessors(ClassBasedTestDescriptor.java:376)
	at org.junit.jupiter.engine.descriptor.ClassBasedTestDescriptor.lambda$instantiateAndPostProcessTestInstance$6(ClassBasedTestDescriptor.java:289)
	at org.junit.platform.engine.support.hierarchical.ThrowableCollector.execute(ThrowableCollector.java:73)
	at org.junit.jupiter.engine.descriptor.ClassBasedTestDescriptor.instantiateAndPostProcessTestInstance(ClassBasedTestDescriptor.java:288)
	at org.junit.jupiter.engine.descriptor.ClassBasedTestDescriptor.lambda$testInstancesProvider$4(ClassBasedTestDescriptor.java:278)
	at java.base/java.util.Optional.orElseGet(Optional.java:364)
	at org.junit.jupiter.engine.descriptor.ClassBasedTestDescriptor.lambda$testInstancesProvider$5(ClassBasedTestDescriptor.java:277)
	at org.junit.jupiter.engine.execution.TestInstancesProvider.getTestInstances(TestInstancesProvider.java:31)
	at org.junit.jupiter.engine.descriptor.TestMethodTestDescriptor.lambda$prepare$0(TestMethodTestDescriptor.java:105)
	at org.junit.platform.engine.support.hierarchical.ThrowableCollector.execute(ThrowableCollector.java:73)
	at org.junit.jupiter.engine.descriptor.TestMethodTestDescriptor.prepare(TestMethodTestDescriptor.java:104)
	at org.junit.jupiter.engine.descriptor.TestMethodTestDescriptor.prepare(TestMethodTestDescriptor.java:68)
	at org.junit.platform.engine.support.hierarchical.NodeTestTask.lambda$prepare$2(NodeTestTask.java:123)
	at org.junit.platform.engine.support.hierarchical.ThrowableCollector.execute(ThrowableCollector.java:73)
	at org.junit.platform.engine.support.hierarchical.NodeTestTask.prepare(NodeTestTask.java:123)
	at org.junit.platform.engine.support.hierarchical.NodeTestTask.execute(NodeTestTask.java:90)
	at java.base/java.util.ArrayList.forEach(ArrayList.java:1511)
	at org.junit.platform.engine.support.hierarchical.SameThreadHierarchicalTestExecutorService.invokeAll(SameThreadHierarchicalTestExecutorService.java:41)
	at org.junit.platform.engine.support.hierarchical.NodeTestTask.lambda$executeRecursively$6(NodeTestTask.java:155)
	at org.junit.platform.engine.support.hierarchical.ThrowableCollector.execute(ThrowableCollector.java:73)
	at org.junit.platform.engine.support.hierarchical.NodeTestTask.lambda$executeRecursively$8(NodeTestTask.java:141)
	at org.junit.platform.engine.support.hierarchical.Node.around(Node.java:137)
	at org.junit.platform.engine.support.hierarchical.NodeTestTask.lambda$executeRecursively$9(NodeTestTask.java:139)
	at org.junit.platform.engine.support.hierarchical.ThrowableCollector.execute(ThrowableCollector.java:73)
	at org.junit.platform.engine.support.hierarchical.NodeTestTask.executeRecursively(NodeTestTask.java:138)
	at org.junit.platform.engine.support.hierarchical.NodeTestTask.execute(NodeTestTask.java:95)
	at java.base/java.util.ArrayList.forEach(ArrayList.java:1511)
	at org.junit.platform.engine.support.hierarchical.SameThreadHierarchicalTestExecutorService.invokeAll(SameThreadHierarchicalTestExecutorService.java:41)
	at org.junit.platform.engine.support.hierarchical.NodeTestTask.lambda$executeRecursively$6(NodeTestTask.java:155)
	at org.junit.platform.engine.support.hierarchical.ThrowableCollector.execute(ThrowableCollector.java:73)
	at org.junit.platform.engine.support.hierarchical.NodeTestTask.lambda$executeRecursively$8(NodeTestTask.java:141)
	at org.junit.platform.engine.support.hierarchical.Node.around(Node.java:137)
	at org.junit.platform.engine.support.hierarchical.NodeTestTask.lambda$executeRecursively$9(NodeTestTask.java:139)
	at org.junit.platform.engine.support.hierarchical.ThrowableCollector.execute(ThrowableCollector.java:73)
	at org.junit.platform.engine.support.hierarchical.NodeTestTask.executeRecursively(NodeTestTask.java:138)
	at org.junit.platform.engine.support.hierarchical.NodeTestTask.execute(NodeTestTask.java:95)
	at org.junit.platform.engine.support.hierarchical.SameThreadHierarchicalTestExecutorService.submit(SameThreadHierarchicalTestExecutorService.java:35)
	at org.junit.platform.engine.support.hierarchical.HierarchicalTestExecutor.execute(HierarchicalTestExecutor.java:57)
	at org.junit.platform.engine.support.hierarchical.HierarchicalTestEngine.execute(HierarchicalTestEngine.java:54)
	at org.junit.platform.launcher.core.EngineExecutionOrchestrator.execute(EngineExecutionOrchestrator.java:147)
	at org.junit.platform.launcher.core.EngineExecutionOrchestrator.execute(EngineExecutionOrchestrator.java:127)
	at org.junit.platform.launcher.core.EngineExecutionOrchestrator.execute(EngineExecutionOrchestrator.java:90)
	at org.junit.platform.launcher.core.EngineExecutionOrchestrator.lambda$execute$0(EngineExecutionOrchestrator.java:55)
	at org.junit.platform.launcher.core.EngineExecutionOrchestrator.withInterceptedStreams(EngineExecutionOrchestrator.java:102)
	at org.junit.platform.launcher.core.EngineExecutionOrchestrator.execute(EngineExecutionOrchestrator.java:54)
	at org.junit.platform.launcher.core.DefaultLauncher.execute(DefaultLauncher.java:114)
	at org.junit.platform.launcher.core.DefaultLauncher.execute(DefaultLauncher.java:86)
	at org.junit.platform.launcher.core.DefaultLauncherSession$DelegatingLauncher.execute(DefaultLauncherSession.java:86)
	at org.apache.maven.surefire.junitplatform.LazyLauncher.execute(LazyLauncher.java:50)
	at org.apache.maven.surefire.junitplatform.JUnitPlatformProvider.execute(JUnitPlatformProvider.java:184)
	at org.apache.maven.surefire.junitplatform.JUnitPlatformProvider.invokeAllTests(JUnitPlatformProvider.java:148)
	at org.apache.maven.surefire.junitplatform.JUnitPlatformProvider.invoke(JUnitPlatformProvider.java:122)
	at org.apache.maven.surefire.booter.ForkedBooter.runSuitesInProcess(ForkedBooter.java:385)
	at org.apache.maven.surefire.booter.ForkedBooter.execute(ForkedBooter.java:162)
	at org.apache.maven.surefire.booter.ForkedBooter.run(ForkedBooter.java:507)
	at org.apache.maven.surefire.booter.ForkedBooter.main(ForkedBooter.java:495)
Caused by: java.net.UnknownHostException: registration: Name or service not known
	at java.base/java.net.Inet6AddressImpl.lookupAllHostAddr(Native Method)
	at java.base/java.net.InetAddress$PlatformNameService.lookupAllHostAddr(InetAddress.java:934)
	at java.base/java.net.InetAddress.getAddressesFromNameService(InetAddress.java:1543)
	at java.base/java.net.InetAddress$NameServiceAddresses.get(InetAddress.java:852)
	at java.base/java.net.InetAddress.getAllByName0(InetAddress.java:1533)
	at java.base/java.net.InetAddress.getAllByName(InetAddress.java:1385)
	at java.base/java.net.InetAddress.getAllByName(InetAddress.java:1306)
	at org.apache.hc.client5.http.SystemDefaultDnsResolver.resolve(SystemDefaultDnsResolver.java:43)
	at org.apache.hc.client5.http.impl.io.DefaultHttpClientConnectionOperator.connect(DefaultHttpClientConnectionOperator.java:141)
	at org.apache.hc.client5.http.impl.io.PoolingHttpClientConnectionManager.connect(PoolingHttpClientConnectionManager.java:447)
	at org.apache.hc.client5.http.impl.classic.InternalExecRuntime.connectEndpoint(InternalExecRuntime.java:162)
	at org.apache.hc.client5.http.impl.classic.InternalExecRuntime.connectEndpoint(InternalExecRuntime.java:172)
	at org.apache.hc.client5.http.impl.classic.ConnectExec.execute(ConnectExec.java:142)
	at org.apache.hc.client5.http.impl.classic.ExecChainElement.execute(ExecChainElement.java:51)
	at org.apache.hc.client5.http.impl.classic.ProtocolExec.execute(ProtocolExec.java:192)
	at org.apache.hc.client5.http.impl.classic.ExecChainElement.execute(ExecChainElement.java:51)
	at org.apache.hc.client5.http.impl.classic.HttpRequestRetryExec.execute(HttpRequestRetryExec.java:96)
	at org.apache.hc.client5.http.impl.classic.ExecChainElement.execute(ExecChainElement.java:51)
	at org.apache.hc.client5.http.impl.classic.ContentCompressionExec.execute(ContentCompressionExec.java:152)
	at org.apache.hc.client5.http.impl.classic.ExecChainElement.execute(ExecChainElement.java:51)
	at org.apache.hc.client5.http.impl.classic.RedirectExec.execute(RedirectExec.java:115)
	at org.apache.hc.client5.http.impl.classic.ExecChainElement.execute(ExecChainElement.java:51)
	at org.apache.hc.client5.http.impl.classic.InternalHttpClient.doExecute(InternalHttpClient.java:170)
	at org.apache.hc.client5.http.impl.classic.CloseableHttpClient.execute(CloseableHttpClient.java:106)
	at org.apache.hc.client5.http.impl.classic.CloseableHttpClient.execute(CloseableHttpClient.java:55)
	at org.springframework.http.client.HttpComponentsClientHttpRequest.executeInternal(HttpComponentsClientHttpRequest.java:93)
	at org.springframework.http.client.AbstractBufferingClientHttpRequest.executeInternal(AbstractBufferingClientHttpRequest.java:48)
	at org.springframework.http.client.AbstractClientHttpRequest.execute(AbstractClientHttpRequest.java:66)
	at org.springframework.http.client.InterceptingClientHttpRequest$InterceptingRequestExecution.execute(InterceptingClientHttpRequest.java:101)
	at org.springframework.cloud.netflix.eureka.http.RestTemplateTransportClientFactory.lambda$restTemplate$0(RestTemplateTransportClientFactory.java:143)
	at org.springframework.http.client.InterceptingClientHttpRequest$InterceptingRequestExecution.execute(InterceptingClientHttpRequest.java:87)
	at org.springframework.http.client.InterceptingClientHttpRequest.executeInternal(InterceptingClientHttpRequest.java:71)
	at org.springframework.http.client.AbstractBufferingClientHttpRequest.executeInternal(AbstractBufferingClientHttpRequest.java:48)
	at org.springframework.http.client.AbstractClientHttpRequest.execute(AbstractClientHttpRequest.java:66)
	at org.springframework.web.client.RestTemplate.doExecute(RestTemplate.java:862)
	... 145 more

29-02-2024 23:17:54.992 [35m[main][0;39m
				[31mWARN [0;39m c.n.d.s.t.d.RetryableEurekaHttpClient - 130 - Request execution failed with message: I/O error on GET request for "http://registration:8761/eureka/apps/": registration: Name or service not known
29-02-2024 23:17:54.993 [35m[main][0;39m
				[34mINFO [0;39m c.netflix.discovery.DiscoveryClient - 965 - DiscoveryClient_CUSTOM-JWT-SECURITY/unknown34f39a51b4fe.attlocal.net:Custom-Jwt-Security:8082 - was unable to refresh its cache! This periodic background refresh will be retried in 30 seconds. status = Cannot execute request on any known server stacktrace = com.netflix.discovery.shared.transport.TransportException: Cannot execute request on any known server
	at com.netflix.discovery.shared.transport.decorator.RetryableEurekaHttpClient.execute(RetryableEurekaHttpClient.java:112)
	at com.netflix.discovery.shared.transport.decorator.EurekaHttpClientDecorator.getApplications(EurekaHttpClientDecorator.java:134)
	at com.netflix.discovery.shared.transport.decorator.EurekaHttpClientDecorator$6.execute(EurekaHttpClientDecorator.java:137)
	at com.netflix.discovery.shared.transport.decorator.SessionedEurekaHttpClient.execute(SessionedEurekaHttpClient.java:77)
	at com.netflix.discovery.shared.transport.decorator.EurekaHttpClientDecorator.getApplications(EurekaHttpClientDecorator.java:134)
	at com.netflix.discovery.DiscoveryClient.getAndStoreFullRegistry(DiscoveryClient.java:1045)
	at com.netflix.discovery.DiscoveryClient.fetchRegistry(DiscoveryClient.java:958)
	at com.netflix.discovery.DiscoveryClient.<init>(DiscoveryClient.java:396)
	at com.netflix.discovery.DiscoveryClient.<init>(DiscoveryClient.java:247)
	at com.netflix.discovery.DiscoveryClient.<init>(DiscoveryClient.java:242)
	at org.springframework.cloud.netflix.eureka.CloudEurekaClient.<init>(CloudEurekaClient.java:68)
	at org.springframework.cloud.netflix.eureka.EurekaClientAutoConfiguration$RefreshableEurekaClientConfiguration.eurekaClient(EurekaClientAutoConfiguration.java:320)
	at java.base/jdk.internal.reflect.NativeMethodAccessorImpl.invoke0(Native Method)
	at java.base/jdk.internal.reflect.NativeMethodAccessorImpl.invoke(NativeMethodAccessorImpl.java:77)
	at java.base/jdk.internal.reflect.DelegatingMethodAccessorImpl.invoke(DelegatingMethodAccessorImpl.java:43)
	at java.base/java.lang.reflect.Method.invoke(Method.java:568)
	at org.springframework.beans.factory.support.SimpleInstantiationStrategy.instantiate(SimpleInstantiationStrategy.java:139)
	at org.springframework.beans.factory.support.ConstructorResolver.instantiate(ConstructorResolver.java:650)
	at org.springframework.beans.factory.support.ConstructorResolver.instantiateUsingFactoryMethod(ConstructorResolver.java:642)
	at org.springframework.beans.factory.support.AbstractAutowireCapableBeanFactory.instantiateUsingFactoryMethod(AbstractAutowireCapableBeanFactory.java:1332)
	at org.springframework.beans.factory.support.AbstractAutowireCapableBeanFactory.createBeanInstance(AbstractAutowireCapableBeanFactory.java:1162)
	at org.springframework.beans.factory.support.AbstractAutowireCapableBeanFactory.doCreateBean(AbstractAutowireCapableBeanFactory.java:560)
	at org.springframework.beans.factory.support.AbstractAutowireCapableBeanFactory.createBean(AbstractAutowireCapableBeanFactory.java:520)
	at org.springframework.beans.factory.support.AbstractBeanFactory.lambda$doGetBean$1(AbstractBeanFactory.java:364)
	at org.springframework.cloud.context.scope.GenericScope$BeanLifecycleWrapper.getBean(GenericScope.java:375)
	at org.springframework.cloud.context.scope.GenericScope.get(GenericScope.java:179)
	at org.springframework.beans.factory.support.AbstractBeanFactory.doGetBean(AbstractBeanFactory.java:361)
	at org.springframework.beans.factory.support.AbstractBeanFactory.getBean(AbstractBeanFactory.java:199)
	at org.springframework.aop.target.SimpleBeanTargetSource.getTarget(SimpleBeanTargetSource.java:35)
	at org.springframework.cloud.netflix.eureka.serviceregistry.EurekaRegistration.getTargetObject(EurekaRegistration.java:128)
	at org.springframework.cloud.netflix.eureka.serviceregistry.EurekaRegistration.getEurekaClient(EurekaRegistration.java:116)
	at java.base/jdk.internal.reflect.NativeMethodAccessorImpl.invoke0(Native Method)
	at java.base/jdk.internal.reflect.NativeMethodAccessorImpl.invoke(NativeMethodAccessorImpl.java:77)
	at java.base/jdk.internal.reflect.DelegatingMethodAccessorImpl.invoke(DelegatingMethodAccessorImpl.java:43)
	at java.base/java.lang.reflect.Method.invoke(Method.java:568)
	at org.springframework.util.ReflectionUtils.invokeMethod(ReflectionUtils.java:281)
	at org.springframework.cloud.context.scope.GenericScope$LockedScopedProxyFactoryBean.invoke(GenericScope.java:482)
	at org.springframework.aop.framework.ReflectiveMethodInvocation.proceed(ReflectiveMethodInvocation.java:184)
	at org.springframework.aop.framework.CglibAopProxy$CglibMethodInvocation.proceed(CglibAopProxy.java:751)
	at org.springframework.aop.framework.CglibAopProxy$DynamicAdvisedInterceptor.intercept(CglibAopProxy.java:703)
	at org.springframework.cloud.netflix.eureka.serviceregistry.EurekaRegistration$$SpringCGLIB$$0.getEurekaClient(<generated>)
	at org.springframework.cloud.netflix.eureka.serviceregistry.EurekaServiceRegistry.maybeInitializeClient(EurekaServiceRegistry.java:54)
	at org.springframework.cloud.netflix.eureka.serviceregistry.EurekaServiceRegistry.register(EurekaServiceRegistry.java:38)
	at org.springframework.cloud.netflix.eureka.serviceregistry.EurekaAutoServiceRegistration.start(EurekaAutoServiceRegistration.java:83)
	at org.springframework.context.support.DefaultLifecycleProcessor.doStart(DefaultLifecycleProcessor.java:179)
	at org.springframework.context.support.DefaultLifecycleProcessor$LifecycleGroup.start(DefaultLifecycleProcessor.java:357)
	at java.base/java.lang.Iterable.forEach(Iterable.java:75)
	at org.springframework.context.support.DefaultLifecycleProcessor.startBeans(DefaultLifecycleProcessor.java:156)
	at org.springframework.context.support.DefaultLifecycleProcessor.onRefresh(DefaultLifecycleProcessor.java:124)
	at org.springframework.context.support.AbstractApplicationContext.finishRefresh(AbstractApplicationContext.java:958)
	at org.springframework.context.support.AbstractApplicationContext.refresh(AbstractApplicationContext.java:611)
	at org.springframework.boot.SpringApplication.refresh(SpringApplication.java:737)
	at org.springframework.boot.SpringApplication.refreshContext(SpringApplication.java:439)
	at org.springframework.boot.SpringApplication.run(SpringApplication.java:315)
	at org.springframework.boot.test.context.SpringBootContextLoader.lambda$loadContext$3(SpringBootContextLoader.java:137)
	at org.springframework.util.function.ThrowingSupplier.get(ThrowingSupplier.java:58)
	at org.springframework.util.function.ThrowingSupplier.get(ThrowingSupplier.java:46)
	at org.springframework.boot.SpringApplication.withHook(SpringApplication.java:1409)
	at org.springframework.boot.test.context.SpringBootContextLoader$ContextLoaderHook.run(SpringBootContextLoader.java:545)
	at org.springframework.boot.test.context.SpringBootContextLoader.loadContext(SpringBootContextLoader.java:137)
	at org.springframework.boot.test.context.SpringBootContextLoader.loadContext(SpringBootContextLoader.java:108)
	at org.springframework.test.context.cache.DefaultCacheAwareContextLoaderDelegate.loadContextInternal(DefaultCacheAwareContextLoaderDelegate.java:187)
	at org.springframework.test.context.cache.DefaultCacheAwareContextLoaderDelegate.loadContext(DefaultCacheAwareContextLoaderDelegate.java:119)
	at org.springframework.test.context.support.DefaultTestContext.getApplicationContext(DefaultTestContext.java:127)
	at org.springframework.test.context.web.ServletTestExecutionListener.setUpRequestContextIfNecessary(ServletTestExecutionListener.java:191)
	at org.springframework.test.context.web.ServletTestExecutionListener.prepareTestInstance(ServletTestExecutionListener.java:130)
	at org.springframework.test.context.TestContextManager.prepareTestInstance(TestContextManager.java:241)
	at org.springframework.test.context.junit.jupiter.SpringExtension.postProcessTestInstance(SpringExtension.java:138)
	at org.junit.jupiter.engine.descriptor.ClassBasedTestDescriptor.lambda$invokeTestInstancePostProcessors$10(ClassBasedTestDescriptor.java:377)
	at org.junit.jupiter.engine.descriptor.ClassBasedTestDescriptor.executeAndMaskThrowable(ClassBasedTestDescriptor.java:382)
	at org.junit.jupiter.engine.descriptor.ClassBasedTestDescriptor.lambda$invokeTestInstancePostProcessors$11(ClassBasedTestDescriptor.java:377)
	at java.base/java.util.stream.ReferencePipeline$3$1.accept(ReferencePipeline.java:197)
	at java.base/java.util.stream.ReferencePipeline$2$1.accept(ReferencePipeline.java:179)
	at java.base/java.util.ArrayList$ArrayListSpliterator.forEachRemaining(ArrayList.java:1625)
	at java.base/java.util.stream.AbstractPipeline.copyInto(AbstractPipeline.java:509)
	at java.base/java.util.stream.AbstractPipeline.wrapAndCopyInto(AbstractPipeline.java:499)
	at java.base/java.util.stream.StreamSpliterators$WrappingSpliterator.forEachRemaining(StreamSpliterators.java:310)
	at java.base/java.util.stream.Streams$ConcatSpliterator.forEachRemaining(Streams.java:735)
	at java.base/java.util.stream.Streams$ConcatSpliterator.forEachRemaining(Streams.java:734)
	at java.base/java.util.stream.ReferencePipeline$Head.forEach(ReferencePipeline.java:762)
	at org.junit.jupiter.engine.descriptor.ClassBasedTestDescriptor.invokeTestInstancePostProcessors(ClassBasedTestDescriptor.java:376)
	at org.junit.jupiter.engine.descriptor.ClassBasedTestDescriptor.lambda$instantiateAndPostProcessTestInstance$6(ClassBasedTestDescriptor.java:289)
	at org.junit.platform.engine.support.hierarchical.ThrowableCollector.execute(ThrowableCollector.java:73)
	at org.junit.jupiter.engine.descriptor.ClassBasedTestDescriptor.instantiateAndPostProcessTestInstance(ClassBasedTestDescriptor.java:288)
	at org.junit.jupiter.engine.descriptor.ClassBasedTestDescriptor.lambda$testInstancesProvider$4(ClassBasedTestDescriptor.java:278)
	at java.base/java.util.Optional.orElseGet(Optional.java:364)
	at org.junit.jupiter.engine.descriptor.ClassBasedTestDescriptor.lambda$testInstancesProvider$5(ClassBasedTestDescriptor.java:277)
	at org.junit.jupiter.engine.execution.TestInstancesProvider.getTestInstances(TestInstancesProvider.java:31)
	at org.junit.jupiter.engine.descriptor.TestMethodTestDescriptor.lambda$prepare$0(TestMethodTestDescriptor.java:105)
	at org.junit.platform.engine.support.hierarchical.ThrowableCollector.execute(ThrowableCollector.java:73)
	at org.junit.jupiter.engine.descriptor.TestMethodTestDescriptor.prepare(TestMethodTestDescriptor.java:104)
	at org.junit.jupiter.engine.descriptor.TestMethodTestDescriptor.prepare(TestMethodTestDescriptor.java:68)
	at org.junit.platform.engine.support.hierarchical.NodeTestTask.lambda$prepare$2(NodeTestTask.java:123)
	at org.junit.platform.engine.support.hierarchical.ThrowableCollector.execute(ThrowableCollector.java:73)
	at org.junit.platform.engine.support.hierarchical.NodeTestTask.prepare(NodeTestTask.java:123)
	at org.junit.platform.engine.support.hierarchical.NodeTestTask.execute(NodeTestTask.java:90)
	at java.base/java.util.ArrayList.forEach(ArrayList.java:1511)
	at org.junit.platform.engine.support.hierarchical.SameThreadHierarchicalTestExecutorService.invokeAll(SameThreadHierarchicalTestExecutorService.java:41)
	at org.junit.platform.engine.support.hierarchical.NodeTestTask.lambda$executeRecursively$6(NodeTestTask.java:155)
	at org.junit.platform.engine.support.hierarchical.ThrowableCollector.execute(ThrowableCollector.java:73)
	at org.junit.platform.engine.support.hierarchical.NodeTestTask.lambda$executeRecursively$8(NodeTestTask.java:141)
	at org.junit.platform.engine.support.hierarchical.Node.around(Node.java:137)
	at org.junit.platform.engine.support.hierarchical.NodeTestTask.lambda$executeRecursively$9(NodeTestTask.java:139)
	at org.junit.platform.engine.support.hierarchical.ThrowableCollector.execute(ThrowableCollector.java:73)
	at org.junit.platform.engine.support.hierarchical.NodeTestTask.executeRecursively(NodeTestTask.java:138)
	at org.junit.platform.engine.support.hierarchical.NodeTestTask.execute(NodeTestTask.java:95)
	at java.base/java.util.ArrayList.forEach(ArrayList.java:1511)
	at org.junit.platform.engine.support.hierarchical.SameThreadHierarchicalTestExecutorService.invokeAll(SameThreadHierarchicalTestExecutorService.java:41)
	at org.junit.platform.engine.support.hierarchical.NodeTestTask.lambda$executeRecursively$6(NodeTestTask.java:155)
	at org.junit.platform.engine.support.hierarchical.ThrowableCollector.execute(ThrowableCollector.java:73)
	at org.junit.platform.engine.support.hierarchical.NodeTestTask.lambda$executeRecursively$8(NodeTestTask.java:141)
	at org.junit.platform.engine.support.hierarchical.Node.around(Node.java:137)
	at org.junit.platform.engine.support.hierarchical.NodeTestTask.lambda$executeRecursively$9(NodeTestTask.java:139)
	at org.junit.platform.engine.support.hierarchical.ThrowableCollector.execute(ThrowableCollector.java:73)
	at org.junit.platform.engine.support.hierarchical.NodeTestTask.executeRecursively(NodeTestTask.java:138)
	at org.junit.platform.engine.support.hierarchical.NodeTestTask.execute(NodeTestTask.java:95)
	at org.junit.platform.engine.support.hierarchical.SameThreadHierarchicalTestExecutorService.submit(SameThreadHierarchicalTestExecutorService.java:35)
	at org.junit.platform.engine.support.hierarchical.HierarchicalTestExecutor.execute(HierarchicalTestExecutor.java:57)
	at org.junit.platform.engine.support.hierarchical.HierarchicalTestEngine.execute(HierarchicalTestEngine.java:54)
	at org.junit.platform.launcher.core.EngineExecutionOrchestrator.execute(EngineExecutionOrchestrator.java:147)
	at org.junit.platform.launcher.core.EngineExecutionOrchestrator.execute(EngineExecutionOrchestrator.java:127)
	at org.junit.platform.launcher.core.EngineExecutionOrchestrator.execute(EngineExecutionOrchestrator.java:90)
	at org.junit.platform.launcher.core.EngineExecutionOrchestrator.lambda$execute$0(EngineExecutionOrchestrator.java:55)
	at org.junit.platform.launcher.core.EngineExecutionOrchestrator.withInterceptedStreams(EngineExecutionOrchestrator.java:102)
	at org.junit.platform.launcher.core.EngineExecutionOrchestrator.execute(EngineExecutionOrchestrator.java:54)
	at org.junit.platform.launcher.core.DefaultLauncher.execute(DefaultLauncher.java:114)
	at org.junit.platform.launcher.core.DefaultLauncher.execute(DefaultLauncher.java:86)
	at org.junit.platform.launcher.core.DefaultLauncherSession$DelegatingLauncher.execute(DefaultLauncherSession.java:86)
	at org.apache.maven.surefire.junitplatform.LazyLauncher.execute(LazyLauncher.java:50)
	at org.apache.maven.surefire.junitplatform.JUnitPlatformProvider.execute(JUnitPlatformProvider.java:184)
	at org.apache.maven.surefire.junitplatform.JUnitPlatformProvider.invokeAllTests(JUnitPlatformProvider.java:148)
	at org.apache.maven.surefire.junitplatform.JUnitPlatformProvider.invoke(JUnitPlatformProvider.java:122)
	at org.apache.maven.surefire.booter.ForkedBooter.runSuitesInProcess(ForkedBooter.java:385)
	at org.apache.maven.surefire.booter.ForkedBooter.execute(ForkedBooter.java:162)
	at org.apache.maven.surefire.booter.ForkedBooter.run(ForkedBooter.java:507)
	at org.apache.maven.surefire.booter.ForkedBooter.main(ForkedBooter.java:495)

29-02-2024 23:17:54.995 [35m[main][0;39m
				[34mINFO [0;39m c.netflix.discovery.DiscoveryClient - 398 - Initial registry fetch from primary servers failed
29-02-2024 23:17:54.996 [35m[main][0;39m
				[31mWARN [0;39m c.netflix.discovery.DiscoveryClient - 268 - Using default backup registry implementation which does not do anything.
29-02-2024 23:17:54.996 [35m[main][0;39m
				[34mINFO [0;39m c.netflix.discovery.DiscoveryClient - 403 - Initial registry fetch from backup servers failed
29-02-2024 23:17:54.999 [35m[main][0;39m
				[34mINFO [0;39m c.netflix.discovery.DiscoveryClient - 1265 - Starting heartbeat executor: renew interval is: 30
29-02-2024 23:17:55.002 [35m[main][0;39m
				[34mINFO [0;39m c.n.discovery.InstanceInfoReplicator - 60 - InstanceInfoReplicator onDemand update allowed rate per min is 4
29-02-2024 23:17:55.008 [35m[main][0;39m
				[34mINFO [0;39m c.netflix.discovery.DiscoveryClient - 447 - Discovery Client initialized at timestamp 1709270275007 with initial instances count: 0
29-02-2024 23:17:55.011 [35m[main][0;39m
				[34mINFO [0;39m o.s.c.n.e.s.EurekaServiceRegistry - 41 - Registering application CUSTOM-JWT-SECURITY with eureka with status UP
29-02-2024 23:17:55.012 [35m[main][0;39m
				[34mINFO [0;39m c.netflix.discovery.DiscoveryClient - 1296 - Saw local status change event StatusChangeEvent [timestamp=1709270275012, current=UP, previous=STARTING]
29-02-2024 23:17:55.014 [35m[DiscoveryClient-InstanceInfoReplicator-0][0;39m
				[34mINFO [0;39m c.netflix.discovery.DiscoveryClient - 817 - DiscoveryClient_CUSTOM-JWT-SECURITY/unknown34f39a51b4fe.attlocal.net:Custom-Jwt-Security:8082: registering service...
29-02-2024 23:17:55.059 [35m[main][0;39m
				[34mINFO [0;39m c.e.b.SpringBootJwtSecurityApplicationTests - 57 - Started SpringBootJwtSecurityApplicationTests in 7.264 seconds (process running for 8.637)
29-02-2024 23:17:55.072 [35m[DiscoveryClient-InstanceInfoReplicator-0][0;39m
				[34mINFO [0;39m c.n.d.s.t.d.RedirectingEurekaHttpClient - 84 - Request execution error. endpoint=DefaultEndpoint{ serviceUrl='http://registration:8761/eureka/}, exception=I/O error on POST request for "http://registration:8761/eureka/apps/CUSTOM-JWT-SECURITY": registration stacktrace=org.springframework.web.client.ResourceAccessException: I/O error on POST request for "http://registration:8761/eureka/apps/CUSTOM-JWT-SECURITY": registration
	at org.springframework.web.client.RestTemplate.createResourceAccessException(RestTemplate.java:888)
	at org.springframework.web.client.RestTemplate.doExecute(RestTemplate.java:868)
	at org.springframework.web.client.RestTemplate.execute(RestTemplate.java:764)
	at org.springframework.web.client.RestTemplate.exchange(RestTemplate.java:646)
	at org.springframework.cloud.netflix.eureka.http.RestTemplateEurekaHttpClient.register(RestTemplateEurekaHttpClient.java:81)
	at com.netflix.discovery.shared.transport.decorator.EurekaHttpClientDecorator$1.execute(EurekaHttpClientDecorator.java:59)
	at com.netflix.discovery.shared.transport.decorator.RedirectingEurekaHttpClient.executeOnNewServer(RedirectingEurekaHttpClient.java:121)
	at com.netflix.discovery.shared.transport.decorator.RedirectingEurekaHttpClient.execute(RedirectingEurekaHttpClient.java:80)
	at com.netflix.discovery.shared.transport.decorator.EurekaHttpClientDecorator.register(EurekaHttpClientDecorator.java:56)
	at com.netflix.discovery.shared.transport.decorator.EurekaHttpClientDecorator$1.execute(EurekaHttpClientDecorator.java:59)
	at com.netflix.discovery.shared.transport.decorator.RetryableEurekaHttpClient.execute(RetryableEurekaHttpClient.java:120)
	at com.netflix.discovery.shared.transport.decorator.EurekaHttpClientDecorator.register(EurekaHttpClientDecorator.java:56)
	at com.netflix.discovery.shared.transport.decorator.EurekaHttpClientDecorator$1.execute(EurekaHttpClientDecorator.java:59)
	at com.netflix.discovery.shared.transport.decorator.SessionedEurekaHttpClient.execute(SessionedEurekaHttpClient.java:77)
	at com.netflix.discovery.shared.transport.decorator.EurekaHttpClientDecorator.register(EurekaHttpClientDecorator.java:56)
	at com.netflix.discovery.DiscoveryClient.register(DiscoveryClient.java:820)
	at com.netflix.discovery.InstanceInfoReplicator.run(InstanceInfoReplicator.java:121)
	at com.netflix.discovery.InstanceInfoReplicator$1.run(InstanceInfoReplicator.java:101)
	at java.base/java.util.concurrent.Executors$RunnableAdapter.call(Executors.java:539)
	at java.base/java.util.concurrent.FutureTask.run(FutureTask.java:264)
	at java.base/java.util.concurrent.ScheduledThreadPoolExecutor$ScheduledFutureTask.run(ScheduledThreadPoolExecutor.java:304)
	at java.base/java.util.concurrent.ThreadPoolExecutor.runWorker(ThreadPoolExecutor.java:1136)
	at java.base/java.util.concurrent.ThreadPoolExecutor$Worker.run(ThreadPoolExecutor.java:635)
	at java.base/java.lang.Thread.run(Thread.java:840)
Caused by: java.net.UnknownHostException: registration
	at java.base/java.net.InetAddress$CachedAddresses.get(InetAddress.java:801)
	at java.base/java.net.InetAddress.getAllByName0(InetAddress.java:1533)
	at java.base/java.net.InetAddress.getAllByName(InetAddress.java:1385)
	at java.base/java.net.InetAddress.getAllByName(InetAddress.java:1306)
	at org.apache.hc.client5.http.SystemDefaultDnsResolver.resolve(SystemDefaultDnsResolver.java:43)
	at org.apache.hc.client5.http.impl.io.DefaultHttpClientConnectionOperator.connect(DefaultHttpClientConnectionOperator.java:141)
	at org.apache.hc.client5.http.impl.io.PoolingHttpClientConnectionManager.connect(PoolingHttpClientConnectionManager.java:447)
	at org.apache.hc.client5.http.impl.classic.InternalExecRuntime.connectEndpoint(InternalExecRuntime.java:162)
	at org.apache.hc.client5.http.impl.classic.InternalExecRuntime.connectEndpoint(InternalExecRuntime.java:172)
	at org.apache.hc.client5.http.impl.classic.ConnectExec.execute(ConnectExec.java:142)
	at org.apache.hc.client5.http.impl.classic.ExecChainElement.execute(ExecChainElement.java:51)
	at org.apache.hc.client5.http.impl.classic.ProtocolExec.execute(ProtocolExec.java:192)
	at org.apache.hc.client5.http.impl.classic.ExecChainElement.execute(ExecChainElement.java:51)
	at org.apache.hc.client5.http.impl.classic.HttpRequestRetryExec.execute(HttpRequestRetryExec.java:96)
	at org.apache.hc.client5.http.impl.classic.ExecChainElement.execute(ExecChainElement.java:51)
	at org.apache.hc.client5.http.impl.classic.ContentCompressionExec.execute(ContentCompressionExec.java:152)
	at org.apache.hc.client5.http.impl.classic.ExecChainElement.execute(ExecChainElement.java:51)
	at org.apache.hc.client5.http.impl.classic.RedirectExec.execute(RedirectExec.java:115)
	at org.apache.hc.client5.http.impl.classic.ExecChainElement.execute(ExecChainElement.java:51)
	at org.apache.hc.client5.http.impl.classic.InternalHttpClient.doExecute(InternalHttpClient.java:170)
	at org.apache.hc.client5.http.impl.classic.CloseableHttpClient.execute(CloseableHttpClient.java:106)
	at org.apache.hc.client5.http.impl.classic.CloseableHttpClient.execute(CloseableHttpClient.java:55)
	at org.springframework.http.client.HttpComponentsClientHttpRequest.executeInternal(HttpComponentsClientHttpRequest.java:93)
	at org.springframework.http.client.AbstractBufferingClientHttpRequest.executeInternal(AbstractBufferingClientHttpRequest.java:48)
	at org.springframework.http.client.AbstractClientHttpRequest.execute(AbstractClientHttpRequest.java:66)
	at org.springframework.http.client.InterceptingClientHttpRequest$InterceptingRequestExecution.execute(InterceptingClientHttpRequest.java:101)
	at org.springframework.cloud.netflix.eureka.http.RestTemplateTransportClientFactory.lambda$restTemplate$0(RestTemplateTransportClientFactory.java:143)
	at org.springframework.http.client.InterceptingClientHttpRequest$InterceptingRequestExecution.execute(InterceptingClientHttpRequest.java:87)
	at org.springframework.http.client.InterceptingClientHttpRequest.executeInternal(InterceptingClientHttpRequest.java:71)
	at org.springframework.http.client.AbstractBufferingClientHttpRequest.executeInternal(AbstractBufferingClientHttpRequest.java:48)
	at org.springframework.http.client.AbstractClientHttpRequest.execute(AbstractClientHttpRequest.java:66)
	at org.springframework.web.client.RestTemplate.doExecute(RestTemplate.java:862)
	... 22 more

29-02-2024 23:17:55.073 [35m[DiscoveryClient-InstanceInfoReplicator-0][0;39m
				[31mWARN [0;39m c.n.d.s.t.d.RetryableEurekaHttpClient - 130 - Request execution failed with message: I/O error on POST request for "http://registration:8761/eureka/apps/CUSTOM-JWT-SECURITY": registration
29-02-2024 23:17:55.074 [35m[DiscoveryClient-InstanceInfoReplicator-0][0;39m
				[31mWARN [0;39m c.netflix.discovery.DiscoveryClient - 822 - DiscoveryClient_CUSTOM-JWT-SECURITY/unknown34f39a51b4fe.attlocal.net:Custom-Jwt-Security:8082 - registration failed Cannot execute request on any known server
com.netflix.discovery.shared.transport.TransportException: Cannot execute request on any known server
	at com.netflix.discovery.shared.transport.decorator.RetryableEurekaHttpClient.execute(RetryableEurekaHttpClient.java:112)
	at com.netflix.discovery.shared.transport.decorator.EurekaHttpClientDecorator.register(EurekaHttpClientDecorator.java:56)
	at com.netflix.discovery.shared.transport.decorator.EurekaHttpClientDecorator$1.execute(EurekaHttpClientDecorator.java:59)
	at com.netflix.discovery.shared.transport.decorator.SessionedEurekaHttpClient.execute(SessionedEurekaHttpClient.java:77)
	at com.netflix.discovery.shared.transport.decorator.EurekaHttpClientDecorator.register(EurekaHttpClientDecorator.java:56)
	at com.netflix.discovery.DiscoveryClient.register(DiscoveryClient.java:820)
	at com.netflix.discovery.InstanceInfoReplicator.run(InstanceInfoReplicator.java:121)
	at com.netflix.discovery.InstanceInfoReplicator$1.run(InstanceInfoReplicator.java:101)
	at java.base/java.util.concurrent.Executors$RunnableAdapter.call(Executors.java:539)
	at java.base/java.util.concurrent.FutureTask.run(FutureTask.java:264)
	at java.base/java.util.concurrent.ScheduledThreadPoolExecutor$ScheduledFutureTask.run(ScheduledThreadPoolExecutor.java:304)
	at java.base/java.util.concurrent.ThreadPoolExecutor.runWorker(ThreadPoolExecutor.java:1136)
	at java.base/java.util.concurrent.ThreadPoolExecutor$Worker.run(ThreadPoolExecutor.java:635)
	at java.base/java.lang.Thread.run(Thread.java:840)
29-02-2024 23:17:55.076 [35m[DiscoveryClient-InstanceInfoReplicator-0][0;39m
				[31mWARN [0;39m c.n.discovery.InstanceInfoReplicator - 125 - There was a problem with the instance info replicator
com.netflix.discovery.shared.transport.TransportException: Cannot execute request on any known server
	at com.netflix.discovery.shared.transport.decorator.RetryableEurekaHttpClient.execute(RetryableEurekaHttpClient.java:112)
	at com.netflix.discovery.shared.transport.decorator.EurekaHttpClientDecorator.register(EurekaHttpClientDecorator.java:56)
	at com.netflix.discovery.shared.transport.decorator.EurekaHttpClientDecorator$1.execute(EurekaHttpClientDecorator.java:59)
	at com.netflix.discovery.shared.transport.decorator.SessionedEurekaHttpClient.execute(SessionedEurekaHttpClient.java:77)
	at com.netflix.discovery.shared.transport.decorator.EurekaHttpClientDecorator.register(EurekaHttpClientDecorator.java:56)
	at com.netflix.discovery.DiscoveryClient.register(DiscoveryClient.java:820)
	at com.netflix.discovery.InstanceInfoReplicator.run(InstanceInfoReplicator.java:121)
	at com.netflix.discovery.InstanceInfoReplicator$1.run(InstanceInfoReplicator.java:101)
	at java.base/java.util.concurrent.Executors$RunnableAdapter.call(Executors.java:539)
	at java.base/java.util.concurrent.FutureTask.run(FutureTask.java:264)
	at java.base/java.util.concurrent.ScheduledThreadPoolExecutor$ScheduledFutureTask.run(ScheduledThreadPoolExecutor.java:304)
	at java.base/java.util.concurrent.ThreadPoolExecutor.runWorker(ThreadPoolExecutor.java:1136)
	at java.base/java.util.concurrent.ThreadPoolExecutor$Worker.run(ThreadPoolExecutor.java:635)
	at java.base/java.lang.Thread.run(Thread.java:840)
29-02-2024 23:17:55.715 [35m[SpringApplicationShutdownHook][0;39m
				[34mINFO [0;39m o.s.c.n.e.s.EurekaServiceRegistry - 62 - Unregistering application CUSTOM-JWT-SECURITY with eureka with status DOWN
29-02-2024 23:17:55.716 [35m[SpringApplicationShutdownHook][0;39m
				[34mINFO [0;39m c.netflix.discovery.DiscoveryClient - 1296 - Saw local status change event StatusChangeEvent [timestamp=1709270275716, current=DOWN, previous=UP]
29-02-2024 23:17:55.716 [35m[DiscoveryClient-InstanceInfoReplicator-0][0;39m
				[34mINFO [0;39m c.netflix.discovery.DiscoveryClient - 817 - DiscoveryClient_CUSTOM-JWT-SECURITY/unknown34f39a51b4fe.attlocal.net:Custom-Jwt-Security:8082: registering service...
29-02-2024 23:17:55.729 [35m[SpringApplicationShutdownHook][0;39m
				[34mINFO [0;39m o.s.o.j.LocalContainerEntityManagerFactoryBean - 650 - Closing JPA EntityManagerFactory for persistence unit 'default'
29-02-2024 23:17:55.729 [35m[DiscoveryClient-InstanceInfoReplicator-0][0;39m
				[34mINFO [0;39m c.n.d.s.t.d.RedirectingEurekaHttpClient - 84 - Request execution error. endpoint=DefaultEndpoint{ serviceUrl='http://registration:8761/eureka/}, exception=I/O error on POST request for "http://registration:8761/eureka/apps/CUSTOM-JWT-SECURITY": registration stacktrace=org.springframework.web.client.ResourceAccessException: I/O error on POST request for "http://registration:8761/eureka/apps/CUSTOM-JWT-SECURITY": registration
	at org.springframework.web.client.RestTemplate.createResourceAccessException(RestTemplate.java:888)
	at org.springframework.web.client.RestTemplate.doExecute(RestTemplate.java:868)
	at org.springframework.web.client.RestTemplate.execute(RestTemplate.java:764)
	at org.springframework.web.client.RestTemplate.exchange(RestTemplate.java:646)
	at org.springframework.cloud.netflix.eureka.http.RestTemplateEurekaHttpClient.register(RestTemplateEurekaHttpClient.java:81)
	at com.netflix.discovery.shared.transport.decorator.EurekaHttpClientDecorator$1.execute(EurekaHttpClientDecorator.java:59)
	at com.netflix.discovery.shared.transport.decorator.RedirectingEurekaHttpClient.executeOnNewServer(RedirectingEurekaHttpClient.java:121)
	at com.netflix.discovery.shared.transport.decorator.RedirectingEurekaHttpClient.execute(RedirectingEurekaHttpClient.java:80)
	at com.netflix.discovery.shared.transport.decorator.EurekaHttpClientDecorator.register(EurekaHttpClientDecorator.java:56)
	at com.netflix.discovery.shared.transport.decorator.EurekaHttpClientDecorator$1.execute(EurekaHttpClientDecorator.java:59)
	at com.netflix.discovery.shared.transport.decorator.RetryableEurekaHttpClient.execute(RetryableEurekaHttpClient.java:120)
	at com.netflix.discovery.shared.transport.decorator.EurekaHttpClientDecorator.register(EurekaHttpClientDecorator.java:56)
	at com.netflix.discovery.shared.transport.decorator.EurekaHttpClientDecorator$1.execute(EurekaHttpClientDecorator.java:59)
	at com.netflix.discovery.shared.transport.decorator.SessionedEurekaHttpClient.execute(SessionedEurekaHttpClient.java:77)
	at com.netflix.discovery.shared.transport.decorator.EurekaHttpClientDecorator.register(EurekaHttpClientDecorator.java:56)
	at com.netflix.discovery.DiscoveryClient.register(DiscoveryClient.java:820)
	at com.netflix.discovery.InstanceInfoReplicator.run(InstanceInfoReplicator.java:121)
	at com.netflix.discovery.InstanceInfoReplicator$1.run(InstanceInfoReplicator.java:101)
	at java.base/java.util.concurrent.Executors$RunnableAdapter.call(Executors.java:539)
	at java.base/java.util.concurrent.FutureTask.run(FutureTask.java:264)
	at java.base/java.util.concurrent.ScheduledThreadPoolExecutor$ScheduledFutureTask.run(ScheduledThreadPoolExecutor.java:304)
	at java.base/java.util.concurrent.ThreadPoolExecutor.runWorker(ThreadPoolExecutor.java:1136)
	at java.base/java.util.concurrent.ThreadPoolExecutor$Worker.run(ThreadPoolExecutor.java:635)
	at java.base/java.lang.Thread.run(Thread.java:840)
Caused by: java.net.UnknownHostException: registration
	at java.base/java.net.InetAddress$CachedAddresses.get(InetAddress.java:801)
	at java.base/java.net.InetAddress.getAllByName0(InetAddress.java:1533)
	at java.base/java.net.InetAddress.getAllByName(InetAddress.java:1385)
	at java.base/java.net.InetAddress.getAllByName(InetAddress.java:1306)
	at org.apache.hc.client5.http.SystemDefaultDnsResolver.resolve(SystemDefaultDnsResolver.java:43)
	at org.apache.hc.client5.http.impl.io.DefaultHttpClientConnectionOperator.connect(DefaultHttpClientConnectionOperator.java:141)
	at org.apache.hc.client5.http.impl.io.PoolingHttpClientConnectionManager.connect(PoolingHttpClientConnectionManager.java:447)
	at org.apache.hc.client5.http.impl.classic.InternalExecRuntime.connectEndpoint(InternalExecRuntime.java:162)
	at org.apache.hc.client5.http.impl.classic.InternalExecRuntime.connectEndpoint(InternalExecRuntime.java:172)
	at org.apache.hc.client5.http.impl.classic.ConnectExec.execute(ConnectExec.java:142)
	at org.apache.hc.client5.http.impl.classic.ExecChainElement.execute(ExecChainElement.java:51)
	at org.apache.hc.client5.http.impl.classic.ProtocolExec.execute(ProtocolExec.java:192)
	at org.apache.hc.client5.http.impl.classic.ExecChainElement.execute(ExecChainElement.java:51)
	at org.apache.hc.client5.http.impl.classic.HttpRequestRetryExec.execute(HttpRequestRetryExec.java:96)
	at org.apache.hc.client5.http.impl.classic.ExecChainElement.execute(ExecChainElement.java:51)
	at org.apache.hc.client5.http.impl.classic.ContentCompressionExec.execute(ContentCompressionExec.java:152)
	at org.apache.hc.client5.http.impl.classic.ExecChainElement.execute(ExecChainElement.java:51)
	at org.apache.hc.client5.http.impl.classic.RedirectExec.execute(RedirectExec.java:115)
	at org.apache.hc.client5.http.impl.classic.ExecChainElement.execute(ExecChainElement.java:51)
	at org.apache.hc.client5.http.impl.classic.InternalHttpClient.doExecute(InternalHttpClient.java:170)
	at org.apache.hc.client5.http.impl.classic.CloseableHttpClient.execute(CloseableHttpClient.java:106)
	at org.apache.hc.client5.http.impl.classic.CloseableHttpClient.execute(CloseableHttpClient.java:55)
	at org.springframework.http.client.HttpComponentsClientHttpRequest.executeInternal(HttpComponentsClientHttpRequest.java:93)
	at org.springframework.http.client.AbstractBufferingClientHttpRequest.executeInternal(AbstractBufferingClientHttpRequest.java:48)
	at org.springframework.http.client.AbstractClientHttpRequest.execute(AbstractClientHttpRequest.java:66)
	at org.springframework.http.client.InterceptingClientHttpRequest$InterceptingRequestExecution.execute(InterceptingClientHttpRequest.java:101)
	at org.springframework.cloud.netflix.eureka.http.RestTemplateTransportClientFactory.lambda$restTemplate$0(RestTemplateTransportClientFactory.java:143)
	at org.springframework.http.client.InterceptingClientHttpRequest$InterceptingRequestExecution.execute(InterceptingClientHttpRequest.java:87)
	at org.springframework.http.client.InterceptingClientHttpRequest.executeInternal(InterceptingClientHttpRequest.java:71)
	at org.springframework.http.client.AbstractBufferingClientHttpRequest.executeInternal(AbstractBufferingClientHttpRequest.java:48)
	at org.springframework.http.client.AbstractClientHttpRequest.execute(AbstractClientHttpRequest.java:66)
	at org.springframework.web.client.RestTemplate.doExecute(RestTemplate.java:862)
	... 22 more

29-02-2024 23:17:55.730 [35m[DiscoveryClient-InstanceInfoReplicator-0][0;39m
				[31mWARN [0;39m c.n.d.s.t.d.RetryableEurekaHttpClient - 130 - Request execution failed with message: I/O error on POST request for "http://registration:8761/eureka/apps/CUSTOM-JWT-SECURITY": registration
29-02-2024 23:17:55.731 [35m[DiscoveryClient-InstanceInfoReplicator-0][0;39m
				[31mWARN [0;39m c.netflix.discovery.DiscoveryClient - 822 - DiscoveryClient_CUSTOM-JWT-SECURITY/unknown34f39a51b4fe.attlocal.net:Custom-Jwt-Security:8082 - registration failed Cannot execute request on any known server
com.netflix.discovery.shared.transport.TransportException: Cannot execute request on any known server
	at com.netflix.discovery.shared.transport.decorator.RetryableEurekaHttpClient.execute(RetryableEurekaHttpClient.java:112)
	at com.netflix.discovery.shared.transport.decorator.EurekaHttpClientDecorator.register(EurekaHttpClientDecorator.java:56)
	at com.netflix.discovery.shared.transport.decorator.EurekaHttpClientDecorator$1.execute(EurekaHttpClientDecorator.java:59)
	at com.netflix.discovery.shared.transport.decorator.SessionedEurekaHttpClient.execute(SessionedEurekaHttpClient.java:77)
	at com.netflix.discovery.shared.transport.decorator.EurekaHttpClientDecorator.register(EurekaHttpClientDecorator.java:56)
	at com.netflix.discovery.DiscoveryClient.register(DiscoveryClient.java:820)
	at com.netflix.discovery.InstanceInfoReplicator.run(InstanceInfoReplicator.java:121)
	at com.netflix.discovery.InstanceInfoReplicator$1.run(InstanceInfoReplicator.java:101)
	at java.base/java.util.concurrent.Executors$RunnableAdapter.call(Executors.java:539)
	at java.base/java.util.concurrent.FutureTask.run(FutureTask.java:264)
	at java.base/java.util.concurrent.ScheduledThreadPoolExecutor$ScheduledFutureTask.run(ScheduledThreadPoolExecutor.java:304)
	at java.base/java.util.concurrent.ThreadPoolExecutor.runWorker(ThreadPoolExecutor.java:1136)
	at java.base/java.util.concurrent.ThreadPoolExecutor$Worker.run(ThreadPoolExecutor.java:635)
	at java.base/java.lang.Thread.run(Thread.java:840)
29-02-2024 23:17:55.731 [35m[DiscoveryClient-InstanceInfoReplicator-0][0;39m
				[31mWARN [0;39m c.n.discovery.InstanceInfoReplicator - 125 - There was a problem with the instance info replicator
com.netflix.discovery.shared.transport.TransportException: Cannot execute request on any known server
	at com.netflix.discovery.shared.transport.decorator.RetryableEurekaHttpClient.execute(RetryableEurekaHttpClient.java:112)
	at com.netflix.discovery.shared.transport.decorator.EurekaHttpClientDecorator.register(EurekaHttpClientDecorator.java:56)
	at com.netflix.discovery.shared.transport.decorator.EurekaHttpClientDecorator$1.execute(EurekaHttpClientDecorator.java:59)
	at com.netflix.discovery.shared.transport.decorator.SessionedEurekaHttpClient.execute(SessionedEurekaHttpClient.java:77)
	at com.netflix.discovery.shared.transport.decorator.EurekaHttpClientDecorator.register(EurekaHttpClientDecorator.java:56)
	at com.netflix.discovery.DiscoveryClient.register(DiscoveryClient.java:820)
	at com.netflix.discovery.InstanceInfoReplicator.run(InstanceInfoReplicator.java:121)
	at com.netflix.discovery.InstanceInfoReplicator$1.run(InstanceInfoReplicator.java:101)
	at java.base/java.util.concurrent.Executors$RunnableAdapter.call(Executors.java:539)
	at java.base/java.util.concurrent.FutureTask.run(FutureTask.java:264)
	at java.base/java.util.concurrent.ScheduledThreadPoolExecutor$ScheduledFutureTask.run(ScheduledThreadPoolExecutor.java:304)
	at java.base/java.util.concurrent.ThreadPoolExecutor.runWorker(ThreadPoolExecutor.java:1136)
	at java.base/java.util.concurrent.ThreadPoolExecutor$Worker.run(ThreadPoolExecutor.java:635)
	at java.base/java.lang.Thread.run(Thread.java:840)
29-02-2024 23:17:55.732 [35m[SpringApplicationShutdownHook][0;39m
				[34mINFO [0;39m com.zaxxer.hikari.HikariDataSource - 350 - HikariPool-1 - Shutdown initiated...
29-02-2024 23:17:55.741 [35m[SpringApplicationShutdownHook][0;39m
				[34mINFO [0;39m com.zaxxer.hikari.HikariDataSource - 352 - HikariPool-1 - Shutdown completed.
29-02-2024 23:17:55.742 [35m[SpringApplicationShutdownHook][0;39m
				[34mINFO [0;39m c.netflix.discovery.DiscoveryClient - 879 - Shutting down DiscoveryClient ...
29-02-2024 23:17:58.746 [35m[SpringApplicationShutdownHook][0;39m
				[34mINFO [0;39m c.netflix.discovery.DiscoveryClient - 915 - Unregistering ...
29-02-2024 23:17:58.763 [35m[SpringApplicationShutdownHook][0;39m
				[34mINFO [0;39m c.n.d.s.t.d.RedirectingEurekaHttpClient - 84 - Request execution error. endpoint=DefaultEndpoint{ serviceUrl='http://registration:8761/eureka/}, exception=I/O error on DELETE request for "http://registration:8761/eureka/apps/CUSTOM-JWT-SECURITY/unknown34f39a51b4fe.attlocal.net:Custom-Jwt-Security:8082": registration stacktrace=org.springframework.web.client.ResourceAccessException: I/O error on DELETE request for "http://registration:8761/eureka/apps/CUSTOM-JWT-SECURITY/unknown34f39a51b4fe.attlocal.net:Custom-Jwt-Security:8082": registration
	at org.springframework.web.client.RestTemplate.createResourceAccessException(RestTemplate.java:888)
	at org.springframework.web.client.RestTemplate.doExecute(RestTemplate.java:868)
	at org.springframework.web.client.RestTemplate.execute(RestTemplate.java:764)
	at org.springframework.web.client.RestTemplate.exchange(RestTemplate.java:646)
	at org.springframework.cloud.netflix.eureka.http.RestTemplateEurekaHttpClient.cancel(RestTemplateEurekaHttpClient.java:91)
	at com.netflix.discovery.shared.transport.decorator.EurekaHttpClientDecorator$2.execute(EurekaHttpClientDecorator.java:74)
	at com.netflix.discovery.shared.transport.decorator.RedirectingEurekaHttpClient.executeOnNewServer(RedirectingEurekaHttpClient.java:121)
	at com.netflix.discovery.shared.transport.decorator.RedirectingEurekaHttpClient.execute(RedirectingEurekaHttpClient.java:80)
	at com.netflix.discovery.shared.transport.decorator.EurekaHttpClientDecorator.cancel(EurekaHttpClientDecorator.java:71)
	at com.netflix.discovery.shared.transport.decorator.EurekaHttpClientDecorator$2.execute(EurekaHttpClientDecorator.java:74)
	at com.netflix.discovery.shared.transport.decorator.RetryableEurekaHttpClient.execute(RetryableEurekaHttpClient.java:120)
	at com.netflix.discovery.shared.transport.decorator.EurekaHttpClientDecorator.cancel(EurekaHttpClientDecorator.java:71)
	at com.netflix.discovery.shared.transport.decorator.EurekaHttpClientDecorator$2.execute(EurekaHttpClientDecorator.java:74)
	at com.netflix.discovery.shared.transport.decorator.SessionedEurekaHttpClient.execute(SessionedEurekaHttpClient.java:77)
	at com.netflix.discovery.shared.transport.decorator.EurekaHttpClientDecorator.cancel(EurekaHttpClientDecorator.java:71)
	at com.netflix.discovery.DiscoveryClient.unregister(DiscoveryClient.java:916)
	at com.netflix.discovery.DiscoveryClient.shutdown(DiscoveryClient.java:892)
	at java.base/jdk.internal.reflect.NativeMethodAccessorImpl.invoke0(Native Method)
	at java.base/jdk.internal.reflect.NativeMethodAccessorImpl.invoke(NativeMethodAccessorImpl.java:77)
	at java.base/jdk.internal.reflect.DelegatingMethodAccessorImpl.invoke(DelegatingMethodAccessorImpl.java:43)
	at java.base/java.lang.reflect.Method.invoke(Method.java:568)
	at org.springframework.beans.factory.annotation.InitDestroyAnnotationBeanPostProcessor$LifecycleMethod.invoke(InitDestroyAnnotationBeanPostProcessor.java:457)
	at org.springframework.beans.factory.annotation.InitDestroyAnnotationBeanPostProcessor$LifecycleMetadata.invokeDestroyMethods(InitDestroyAnnotationBeanPostProcessor.java:415)
	at org.springframework.beans.factory.annotation.InitDestroyAnnotationBeanPostProcessor.postProcessBeforeDestruction(InitDestroyAnnotationBeanPostProcessor.java:239)
	at org.springframework.beans.factory.support.DisposableBeanAdapter.destroy(DisposableBeanAdapter.java:191)
	at org.springframework.beans.factory.support.DisposableBeanAdapter.run(DisposableBeanAdapter.java:184)
	at org.springframework.cloud.context.scope.GenericScope$BeanLifecycleWrapper.destroy(GenericScope.java:389)
	at org.springframework.cloud.context.scope.GenericScope.destroy(GenericScope.java:136)
	at org.springframework.beans.factory.support.DisposableBeanAdapter.destroy(DisposableBeanAdapter.java:200)
	at org.springframework.beans.factory.support.DefaultSingletonBeanRegistry.destroyBean(DefaultSingletonBeanRegistry.java:587)
	at org.springframework.beans.factory.support.DefaultSingletonBeanRegistry.destroySingleton(DefaultSingletonBeanRegistry.java:559)
	at org.springframework.beans.factory.support.DefaultListableBeanFactory.destroySingleton(DefaultListableBeanFactory.java:1189)
	at org.springframework.beans.factory.support.DefaultSingletonBeanRegistry.destroySingletons(DefaultSingletonBeanRegistry.java:520)
	at org.springframework.beans.factory.support.DefaultListableBeanFactory.destroySingletons(DefaultListableBeanFactory.java:1182)
	at org.springframework.context.support.AbstractApplicationContext.destroyBeans(AbstractApplicationContext.java:1110)
	at org.springframework.context.support.AbstractApplicationContext.doClose(AbstractApplicationContext.java:1076)
	at org.springframework.context.support.AbstractApplicationContext.close(AbstractApplicationContext.java:1027)
	at org.springframework.boot.SpringApplicationShutdownHook.closeAndWait(SpringApplicationShutdownHook.java:145)
	at java.base/java.lang.Iterable.forEach(Iterable.java:75)
	at org.springframework.boot.SpringApplicationShutdownHook.run(SpringApplicationShutdownHook.java:114)
	at java.base/java.lang.Thread.run(Thread.java:840)
Caused by: java.net.UnknownHostException: registration
	at java.base/java.net.InetAddress$CachedAddresses.get(InetAddress.java:801)
	at java.base/java.net.InetAddress.getAllByName0(InetAddress.java:1533)
	at java.base/java.net.InetAddress.getAllByName(InetAddress.java:1385)
	at java.base/java.net.InetAddress.getAllByName(InetAddress.java:1306)
	at org.apache.hc.client5.http.SystemDefaultDnsResolver.resolve(SystemDefaultDnsResolver.java:43)
	at org.apache.hc.client5.http.impl.io.DefaultHttpClientConnectionOperator.connect(DefaultHttpClientConnectionOperator.java:141)
	at org.apache.hc.client5.http.impl.io.PoolingHttpClientConnectionManager.connect(PoolingHttpClientConnectionManager.java:447)
	at org.apache.hc.client5.http.impl.classic.InternalExecRuntime.connectEndpoint(InternalExecRuntime.java:162)
	at org.apache.hc.client5.http.impl.classic.InternalExecRuntime.connectEndpoint(InternalExecRuntime.java:172)
	at org.apache.hc.client5.http.impl.classic.ConnectExec.execute(ConnectExec.java:142)
	at org.apache.hc.client5.http.impl.classic.ExecChainElement.execute(ExecChainElement.java:51)
	at org.apache.hc.client5.http.impl.classic.ProtocolExec.execute(ProtocolExec.java:192)
	at org.apache.hc.client5.http.impl.classic.ExecChainElement.execute(ExecChainElement.java:51)
	at org.apache.hc.client5.http.impl.classic.HttpRequestRetryExec.execute(HttpRequestRetryExec.java:96)
	at org.apache.hc.client5.http.impl.classic.ExecChainElement.execute(ExecChainElement.java:51)
	at org.apache.hc.client5.http.impl.classic.ContentCompressionExec.execute(ContentCompressionExec.java:152)
	at org.apache.hc.client5.http.impl.classic.ExecChainElement.execute(ExecChainElement.java:51)
	at org.apache.hc.client5.http.impl.classic.RedirectExec.execute(RedirectExec.java:115)
	at org.apache.hc.client5.http.impl.classic.ExecChainElement.execute(ExecChainElement.java:51)
	at org.apache.hc.client5.http.impl.classic.InternalHttpClient.doExecute(InternalHttpClient.java:170)
	at org.apache.hc.client5.http.impl.classic.CloseableHttpClient.execute(CloseableHttpClient.java:106)
	at org.apache.hc.client5.http.impl.classic.CloseableHttpClient.execute(CloseableHttpClient.java:55)
	at org.springframework.http.client.HttpComponentsClientHttpRequest.executeInternal(HttpComponentsClientHttpRequest.java:93)
	at org.springframework.http.client.AbstractBufferingClientHttpRequest.executeInternal(AbstractBufferingClientHttpRequest.java:48)
	at org.springframework.http.client.AbstractClientHttpRequest.execute(AbstractClientHttpRequest.java:66)
	at org.springframework.http.client.InterceptingClientHttpRequest$InterceptingRequestExecution.execute(InterceptingClientHttpRequest.java:101)
	at org.springframework.cloud.netflix.eureka.http.RestTemplateTransportClientFactory.lambda$restTemplate$0(RestTemplateTransportClientFactory.java:143)
	at org.springframework.http.client.InterceptingClientHttpRequest$InterceptingRequestExecution.execute(InterceptingClientHttpRequest.java:87)
	at org.springframework.http.client.InterceptingClientHttpRequest.executeInternal(InterceptingClientHttpRequest.java:71)
	at org.springframework.http.client.AbstractBufferingClientHttpRequest.executeInternal(AbstractBufferingClientHttpRequest.java:48)
	at org.springframework.http.client.AbstractClientHttpRequest.execute(AbstractClientHttpRequest.java:66)
	at org.springframework.web.client.RestTemplate.doExecute(RestTemplate.java:862)
	... 39 more

29-02-2024 23:17:58.765 [35m[SpringApplicationShutdownHook][0;39m
				[31mWARN [0;39m c.n.d.s.t.d.RetryableEurekaHttpClient - 130 - Request execution failed with message: I/O error on DELETE request for "http://registration:8761/eureka/apps/CUSTOM-JWT-SECURITY/unknown34f39a51b4fe.attlocal.net:Custom-Jwt-Security:8082": registration
29-02-2024 23:17:58.766 [35m[SpringApplicationShutdownHook][0;39m
				[1;31mERROR[0;39m c.netflix.discovery.DiscoveryClient - 919 - DiscoveryClient_CUSTOM-JWT-SECURITY/unknown34f39a51b4fe.attlocal.net:Custom-Jwt-Security:8082 - de-registration failedCannot execute request on any known server
com.netflix.discovery.shared.transport.TransportException: Cannot execute request on any known server
	at com.netflix.discovery.shared.transport.decorator.RetryableEurekaHttpClient.execute(RetryableEurekaHttpClient.java:112)
	at com.netflix.discovery.shared.transport.decorator.EurekaHttpClientDecorator.cancel(EurekaHttpClientDecorator.java:71)
	at com.netflix.discovery.shared.transport.decorator.EurekaHttpClientDecorator$2.execute(EurekaHttpClientDecorator.java:74)
	at com.netflix.discovery.shared.transport.decorator.SessionedEurekaHttpClient.execute(SessionedEurekaHttpClient.java:77)
	at com.netflix.discovery.shared.transport.decorator.EurekaHttpClientDecorator.cancel(EurekaHttpClientDecorator.java:71)
	at com.netflix.discovery.DiscoveryClient.unregister(DiscoveryClient.java:916)
	at com.netflix.discovery.DiscoveryClient.shutdown(DiscoveryClient.java:892)
	at java.base/jdk.internal.reflect.NativeMethodAccessorImpl.invoke0(Native Method)
	at java.base/jdk.internal.reflect.NativeMethodAccessorImpl.invoke(NativeMethodAccessorImpl.java:77)
	at java.base/jdk.internal.reflect.DelegatingMethodAccessorImpl.invoke(DelegatingMethodAccessorImpl.java:43)
	at java.base/java.lang.reflect.Method.invoke(Method.java:568)
	at org.springframework.beans.factory.annotation.InitDestroyAnnotationBeanPostProcessor$LifecycleMethod.invoke(InitDestroyAnnotationBeanPostProcessor.java:457)
	at org.springframework.beans.factory.annotation.InitDestroyAnnotationBeanPostProcessor$LifecycleMetadata.invokeDestroyMethods(InitDestroyAnnotationBeanPostProcessor.java:415)
	at org.springframework.beans.factory.annotation.InitDestroyAnnotationBeanPostProcessor.postProcessBeforeDestruction(InitDestroyAnnotationBeanPostProcessor.java:239)
	at org.springframework.beans.factory.support.DisposableBeanAdapter.destroy(DisposableBeanAdapter.java:191)
	at org.springframework.beans.factory.support.DisposableBeanAdapter.run(DisposableBeanAdapter.java:184)
	at org.springframework.cloud.context.scope.GenericScope$BeanLifecycleWrapper.destroy(GenericScope.java:389)
	at org.springframework.cloud.context.scope.GenericScope.destroy(GenericScope.java:136)
	at org.springframework.beans.factory.support.DisposableBeanAdapter.destroy(DisposableBeanAdapter.java:200)
	at org.springframework.beans.factory.support.DefaultSingletonBeanRegistry.destroyBean(DefaultSingletonBeanRegistry.java:587)
	at org.springframework.beans.factory.support.DefaultSingletonBeanRegistry.destroySingleton(DefaultSingletonBeanRegistry.java:559)
	at org.springframework.beans.factory.support.DefaultListableBeanFactory.destroySingleton(DefaultListableBeanFactory.java:1189)
	at org.springframework.beans.factory.support.DefaultSingletonBeanRegistry.destroySingletons(DefaultSingletonBeanRegistry.java:520)
	at org.springframework.beans.factory.support.DefaultListableBeanFactory.destroySingletons(DefaultListableBeanFactory.java:1182)
	at org.springframework.context.support.AbstractApplicationContext.destroyBeans(AbstractApplicationContext.java:1110)
	at org.springframework.context.support.AbstractApplicationContext.doClose(AbstractApplicationContext.java:1076)
	at org.springframework.context.support.AbstractApplicationContext.close(AbstractApplicationContext.java:1027)
	at org.springframework.boot.SpringApplicationShutdownHook.closeAndWait(SpringApplicationShutdownHook.java:145)
	at java.base/java.lang.Iterable.forEach(Iterable.java:75)
	at org.springframework.boot.SpringApplicationShutdownHook.run(SpringApplicationShutdownHook.java:114)
	at java.base/java.lang.Thread.run(Thread.java:840)
29-02-2024 23:17:58.778 [35m[SpringApplicationShutdownHook][0;39m
				[34mINFO [0;39m c.netflix.discovery.DiscoveryClient - 904 - Completed shut down of DiscoveryClient
